<?xml version="1.0" encoding="UTF-8"?>
<robot generator="Robot 6.0.2 (Python 3.8.7 on win32)" generated="20230810 00:16:25.188" rpa="false" schemaversion="3">
<suite id="s1" name="Test Projact" source="C:\Users\MSI\Desktop\Test_Projact">
<suite id="s1-s1" name="TestCases" source="C:\Users\MSI\Desktop\Test_Projact\TestCases">
<suite id="s1-s1-s1" name="TC Register" source="C:\Users\MSI\Desktop\Test_Projact\TestCases\TC_Register.robot">
<test id="s1-s1-s1-t1" name="TC01_REGISTER" line="13">
<kw name="Open Excel Document" library="ExcelLibrary">
<arg>${excel_path}</arg>
<arg>doc_id=TestData</arg>
<doc>Opens xlsx document file.</doc>
<status status="PASS" starttime="20230810 00:16:26.322" endtime="20230810 00:16:26.423"/>
</kw>
<kw name="Get Sheet" library="ExcelLibrary">
<var>${excel}</var>
<arg>TestData</arg>
<doc>Returns a page from the current document.</doc>
<msg timestamp="20230810 00:16:26.425" level="INFO">${excel} = &lt;Worksheet "TestData"&gt;</msg>
<status status="PASS" starttime="20230810 00:16:26.424" endtime="20230810 00:16:26.425"/>
</kw>
<for flavor="IN RANGE">
<var>${i}</var>
<value>2</value>
<value>${excel.max_row+1}</value>
<iter>
<var name="${i}">2</var>
<kw name="Set Variable If" library="BuiltIn">
<var>${tcid}</var>
<arg>'${excel.cell(${i},1).value}'=='None'</arg>
<arg>${Empty}</arg>
<arg>${excel.cell(${i},1).value}</arg>
<doc>Sets variable based on the given condition.</doc>
<msg timestamp="20230810 00:16:26.434" level="INFO">${tcid} = TD001</msg>
<status status="PASS" starttime="20230810 00:16:26.429" endtime="20230810 00:16:26.434"/>
</kw>
<kw name="Set Suite Variable" library="BuiltIn">
<arg>${testcaseData}</arg>
<arg>${tcid}</arg>
<doc>Makes a variable available everywhere within the scope of the current suite.</doc>
<msg timestamp="20230810 00:16:26.435" level="INFO">${testcaseData} = TD001</msg>
<status status="PASS" starttime="20230810 00:16:26.434" endtime="20230810 00:16:26.435"/>
</kw>
<kw name="Set Variable If" library="BuiltIn">
<var>${EXE}</var>
<arg>'${excel.cell(${i},2).value}'=='None'</arg>
<arg>${Empty}</arg>
<arg>${excel.cell(${i},2).value}</arg>
<doc>Sets variable based on the given condition.</doc>
<msg timestamp="20230810 00:16:26.438" level="INFO">${EXE} = Y</msg>
<status status="PASS" starttime="20230810 00:16:26.436" endtime="20230810 00:16:26.439"/>
</kw>
<kw name="Set Variable If" library="BuiltIn">
<var>${TE}</var>
<arg>'${excel.cell(${i},3).value}'=='None'</arg>
<arg>${Empty}</arg>
<arg>${excel.cell(${i},3).value}</arg>
<doc>Sets variable based on the given condition.</doc>
<msg timestamp="20230810 00:16:26.444" level="INFO">${TE} = T</msg>
<status status="PASS" starttime="20230810 00:16:26.439" endtime="20230810 00:16:26.445"/>
</kw>
<kw name="Set Variable If" library="BuiltIn">
<var>${ap}</var>
<arg>'${excel.cell(${i},4).value}'=='None'</arg>
<arg>${Empty}</arg>
<arg>${excel.cell(${i},4).value}</arg>
<doc>Sets variable based on the given condition.</doc>
<msg timestamp="20230810 00:16:26.448" level="INFO">${ap} = กาto1.png(2 MB)</msg>
<status status="PASS" starttime="20230810 00:16:26.446" endtime="20230810 00:16:26.448"/>
</kw>
<kw name="Set Variable If" library="BuiltIn">
<var>${tfu}</var>
<arg>'${excel.cell(${i},5).value}'=='None'</arg>
<arg>${Empty}</arg>
<arg>${excel.cell(${i},5).value}</arg>
<doc>Sets variable based on the given condition.</doc>
<msg timestamp="20230810 00:16:26.452" level="INFO">${tfu} = ผู้เข้าร่วมตกปลา</msg>
<status status="PASS" starttime="20230810 00:16:26.449" endtime="20230810 00:16:26.452"/>
</kw>
<kw name="Set Variable If" library="BuiltIn">
<var>${icn}</var>
<arg>'${excel.cell(${i},6).value}'=='None'</arg>
<arg>${Empty}</arg>
<arg>${excel.cell(${i},6).value}</arg>
<doc>Sets variable based on the given condition.</doc>
<msg timestamp="20230810 00:16:26.454" level="INFO">${icn} = 1509944518994</msg>
<status status="PASS" starttime="20230810 00:16:26.452" endtime="20230810 00:16:26.455"/>
</kw>
<kw name="Set Variable If" library="BuiltIn">
<var>${name}</var>
<arg>'${excel.cell(${i},7).value}'=='None'</arg>
<arg>${Empty}</arg>
<arg>${excel.cell(${i},7).value}</arg>
<doc>Sets variable based on the given condition.</doc>
<msg timestamp="20230810 00:16:26.458" level="INFO">${name} = ภัคพล</msg>
<status status="PASS" starttime="20230810 00:16:26.455" endtime="20230810 00:16:26.460"/>
</kw>
<kw name="Set Variable If" library="BuiltIn">
<var>${sur}</var>
<arg>'${excel.cell(${i},8).value}'=='None'</arg>
<arg>${Empty}</arg>
<arg>${excel.cell(${i},8).value}</arg>
<doc>Sets variable based on the given condition.</doc>
<msg timestamp="20230810 00:16:26.466" level="INFO">${sur} = ปานบัว</msg>
<status status="PASS" starttime="20230810 00:16:26.460" endtime="20230810 00:16:26.466"/>
</kw>
<kw name="Set Variable If" library="BuiltIn">
<var>${pn}</var>
<arg>'${excel.cell(${i},9).value}'=='None'</arg>
<arg>${Empty}</arg>
<arg>${excel.cell(${i},9).value}</arg>
<doc>Sets variable based on the given condition.</doc>
<msg timestamp="20230810 00:16:26.469" level="INFO">${pn} = 0800511403</msg>
<status status="PASS" starttime="20230810 00:16:26.467" endtime="20230810 00:16:26.470"/>
</kw>
<kw name="Set Variable If" library="BuiltIn">
<var>${day}</var>
<arg>'${excel.cell(${i},10).value}'=='None'</arg>
<arg>${Empty}</arg>
<arg>${excel.cell(${i},10).value}</arg>
<doc>Sets variable based on the given condition.</doc>
<msg timestamp="20230810 00:16:26.474" level="INFO">${day} = 14/2/2002</msg>
<status status="PASS" starttime="20230810 00:16:26.470" endtime="20230810 00:16:26.474"/>
</kw>
<kw name="Set Variable If" library="BuiltIn">
<var>${email}</var>
<arg>'${excel.cell(${i},11).value}'=='None'</arg>
<arg>${Empty}</arg>
<arg>${excel.cell(${i},11).value}</arg>
<doc>Sets variable based on the given condition.</doc>
<msg timestamp="20230810 00:16:26.477" level="INFO">${email} = Pak-hapol_02@outlook.com</msg>
<status status="PASS" starttime="20230810 00:16:26.475" endtime="20230810 00:16:26.478"/>
</kw>
<kw name="Set Variable If" library="BuiltIn">
<var>${adrs}</var>
<arg>'${excel.cell(${i},12).value}'=='None'</arg>
<arg>${Empty}</arg>
<arg>${excel.cell(${i},12).value}</arg>
<doc>Sets variable based on the given condition.</doc>
<msg timestamp="20230810 00:16:26.481" level="INFO">${adrs} = 24/3 จ.เชียงใหม่ อ.เมือง ต.แม่เหียะ 50100</msg>
<status status="PASS" starttime="20230810 00:16:26.478" endtime="20230810 00:16:26.482"/>
</kw>
<kw name="Set Variable If" library="BuiltIn">
<var>${user}</var>
<arg>'${excel.cell(${i},13).value}'=='None'</arg>
<arg>${Empty}</arg>
<arg>${excel.cell(${i},13).value}</arg>
<doc>Sets variable based on the given condition.</doc>
<msg timestamp="20230810 00:16:26.486" level="INFO">${user} = Genjiro01 </msg>
<status status="PASS" starttime="20230810 00:16:26.483" endtime="20230810 00:16:26.487"/>
</kw>
<kw name="Set Variable If" library="BuiltIn">
<var>${pasw}</var>
<arg>'${excel.cell(${i},14).value}'=='None'</arg>
<arg>${Empty}</arg>
<arg>${excel.cell(${i},14).value}</arg>
<doc>Sets variable based on the given condition.</doc>
<msg timestamp="20230810 00:16:26.491" level="INFO">${pasw} = 1234za </msg>
<status status="PASS" starttime="20230810 00:16:26.487" endtime="20230810 00:16:26.492"/>
</kw>
<kw name="Set Variable If" library="BuiltIn">
<var>${EXP}</var>
<arg>'${excel.cell(${i},15).value}'=='None'</arg>
<arg>${Empty}</arg>
<arg>${excel.cell(${i},15).value}</arg>
<doc>Sets variable based on the given condition.</doc>
<msg timestamp="20230810 00:16:26.497" level="INFO">${EXP} = สมัครสมาชิกสำเร็จ</msg>
<status status="PASS" starttime="20230810 00:16:26.493" endtime="20230810 00:16:26.498"/>
</kw>
<if>
<branch type="IF" condition="&quot;${EXE}&quot; == &quot;Y&quot;">
<kw name="Open Test Application">
<kw name="Open Application" library="AppiumLibrary">
<arg>http://localhost:4723/wd/hub</arg>
<arg>automationName=${ANDROID_AUTOMATION_NAME}</arg>
<arg>platformName=${ANDROID_PLATFORM_NAME}</arg>
<arg>platformVersion=${ANDROID_PLATFORM_VERSION}</arg>
<arg>app=${ANDROID_APP}</arg>
<arg>appPackage=com.prohect_fishing</arg>
<arg>appActivity=.MainActivity</arg>
<doc>Opens a new application to given Appium server.
Capabilities of appium server, Android and iOS,
Please check https://github.com/appium/appium/blob/master/docs/en/writing-running-appium/server-args.md
| *Option*            | *Man.* | *Description*     |
| remote_url          | Yes    | Appium server url |
| alias               | no     | alias             |
| strict_ssl          | No     | allows you to send commands to an invalid certificate host like a self-signed one. |</doc>
<status status="PASS" starttime="20230810 00:16:26.502" endtime="20230810 00:16:41.412"/>
</kw>
<status status="PASS" starttime="20230810 00:16:26.502" endtime="20230810 00:16:41.413"/>
</kw>
<kw name="Wait Until Page Contains Element" library="AppiumLibrary">
<arg>${EXIT_MAIN_BTN_PATH}</arg>
<arg>15s</arg>
<doc>Waits until element specified with `locator` appears on current page.</doc>
<msg timestamp="20230810 00:16:43.618" level="INFO">xpath criteria: (//android.widget.TextView)[1]
xpath criteria: (//android.widget.TextView)[1]
xpath criteria: (//android.widget.TextView)[1]
xpath criteria: (//android.widget.TextView)[1]
xpath criteria: (//android.widget.TextView)[1]
xpath criteria: (//android.widget.TextView)[1]</msg>
<status status="PASS" starttime="20230810 00:16:41.414" endtime="20230810 00:16:43.618"/>
</kw>
<kw name="Click Element" library="AppiumLibrary">
<arg>${EXIT_MAIN_BTN_PATH}</arg>
<doc>Click element identified by `locator`.</doc>
<msg timestamp="20230810 00:16:43.623" level="INFO">Clicking element 'xpath=(//android.widget.TextView)[1]'.</msg>
<msg timestamp="20230810 00:16:43.706" level="INFO">xpath criteria: (//android.widget.TextView)[1]</msg>
<status status="PASS" starttime="20230810 00:16:43.618" endtime="20230810 00:16:43.707"/>
</kw>
<kw name="Wait Until Page Contains Element" library="AppiumLibrary">
<arg>${REGISTER_BTN_PATH}</arg>
<arg>15s</arg>
<doc>Waits until element specified with `locator` appears on current page.</doc>
<msg timestamp="20230810 00:16:44.822" level="INFO">xpath criteria: //android.view.ViewGroup/android.view.ViewGroup[5]
xpath criteria: //android.view.ViewGroup/android.view.ViewGroup[5]</msg>
<status status="PASS" starttime="20230810 00:16:43.707" endtime="20230810 00:16:44.823"/>
</kw>
<kw name="Click Element" library="AppiumLibrary">
<arg>${REGISTER_BTN_PATH}</arg>
<doc>Click element identified by `locator`.</doc>
<msg timestamp="20230810 00:16:44.831" level="INFO">Clicking element 'xpath=//android.view.ViewGroup/android.view.ViewGroup[5]'.</msg>
<msg timestamp="20230810 00:16:44.917" level="INFO">xpath criteria: //android.view.ViewGroup/android.view.ViewGroup[5]</msg>
<status status="PASS" starttime="20230810 00:16:44.823" endtime="20230810 00:16:44.918"/>
</kw>
<kw name="Sleep" library="BuiltIn">
<arg>2s</arg>
<doc>Pauses the test executed for the given time.</doc>
<msg timestamp="20230810 00:16:46.922" level="INFO">Slept 2 seconds</msg>
<status status="PASS" starttime="20230810 00:16:44.918" endtime="20230810 00:16:46.923"/>
</kw>
<kw name="Click Element" library="AppiumLibrary">
<arg>${IMG_BTN_PATH}</arg>
<doc>Click element identified by `locator`.</doc>
<msg timestamp="20230810 00:16:46.926" level="INFO">Clicking element 'xpath=(//android.view.ViewGroup)[16]'.</msg>
<msg timestamp="20230810 00:16:47.058" level="INFO">xpath criteria: (//android.view.ViewGroup)[16]</msg>
<status status="PASS" starttime="20230810 00:16:46.923" endtime="20230810 00:16:47.059"/>
</kw>
<kw name="Sleep" library="BuiltIn">
<arg>1s</arg>
<doc>Pauses the test executed for the given time.</doc>
<msg timestamp="20230810 00:16:48.061" level="INFO">Slept 1 second</msg>
<status status="PASS" starttime="20230810 00:16:47.059" endtime="20230810 00:16:48.062"/>
</kw>
<kw name="Click Element At Coordinates" library="AppiumLibrary">
<arg>450</arg>
<arg>800</arg>
<doc>*DEPRECATED!!* Since selenium v4, use other keywords.</doc>
<msg timestamp="20230810 00:16:48.064" level="WARN">Keyword 'AppiumLibrary.Click Element At Coordinates' is deprecated. Since selenium v4, use other keywords.</msg>
<msg timestamp="20230810 00:16:48.072" level="INFO">Pressing at (450, 800).</msg>
<status status="PASS" starttime="20230810 00:16:48.063" endtime="20230810 00:16:48.200"/>
</kw>
<kw name="Sleep" library="BuiltIn">
<arg>1s</arg>
<doc>Pauses the test executed for the given time.</doc>
<msg timestamp="20230810 00:16:49.203" level="INFO">Slept 1 second</msg>
<status status="PASS" starttime="20230810 00:16:48.200" endtime="20230810 00:16:49.203"/>
</kw>
<kw name="Click Element At Coordinates" library="AppiumLibrary">
<arg>450</arg>
<arg>800</arg>
<doc>*DEPRECATED!!* Since selenium v4, use other keywords.</doc>
<msg timestamp="20230810 00:16:49.203" level="WARN">Keyword 'AppiumLibrary.Click Element At Coordinates' is deprecated. Since selenium v4, use other keywords.</msg>
<msg timestamp="20230810 00:16:49.208" level="INFO">Pressing at (450, 800).</msg>
<status status="PASS" starttime="20230810 00:16:49.203" endtime="20230810 00:16:49.349"/>
</kw>
<kw name="Sleep" library="BuiltIn">
<arg>2s</arg>
<doc>Pauses the test executed for the given time.</doc>
<msg timestamp="20230810 00:16:51.352" level="INFO">Slept 2 seconds</msg>
<status status="PASS" starttime="20230810 00:16:49.349" endtime="20230810 00:16:51.352"/>
</kw>
<kw name="Click Element" library="AppiumLibrary">
<arg>${Candidatetype_SPN}</arg>
<doc>Click element identified by `locator`.</doc>
<msg timestamp="20230810 00:16:51.357" level="INFO">Clicking element 'xpath=//android.widget.Spinner[@index=0]'.</msg>
<msg timestamp="20230810 00:16:51.476" level="INFO">xpath criteria: //android.widget.Spinner[@index=0]</msg>
<status status="PASS" starttime="20230810 00:16:51.352" endtime="20230810 00:16:51.477"/>
</kw>
<if>
<branch type="IF" condition="&quot;${tfu}&quot; == &quot;ผู้เข้าร่วมตกปลา&quot;">
<kw name="Wait Until Page Contains Element" library="AppiumLibrary">
<arg>${fishing_participant}</arg>
<doc>Waits until element specified with `locator` appears on current page.</doc>
<msg timestamp="20230810 00:16:51.601" level="INFO">xpath criteria: //*[@text="ผู้เข้าร่วมตกปลา"]</msg>
<status status="PASS" starttime="20230810 00:16:51.479" endtime="20230810 00:16:51.601"/>
</kw>
<kw name="Click Element" library="AppiumLibrary">
<arg>${fishing_participant}</arg>
<doc>Click element identified by `locator`.</doc>
<msg timestamp="20230810 00:16:51.607" level="INFO">Clicking element '//*[@text="ผู้เข้าร่วมตกปลา"]'.</msg>
<msg timestamp="20230810 00:16:53.016" level="INFO">xpath criteria: //*[@text="ผู้เข้าร่วมตกปลา"]</msg>
<status status="PASS" starttime="20230810 00:16:51.602" endtime="20230810 00:16:53.017"/>
</kw>
<status status="PASS" starttime="20230810 00:16:51.478" endtime="20230810 00:16:53.017"/>
</branch>
<branch type="ELSE IF" condition="&quot;${tfu}&quot; == &quot;เจ้าของบ่อตกปลา&quot;">
<kw name="Wait Until Page Contains Element" library="AppiumLibrary">
<arg>${fishpond_owner}</arg>
<doc>Waits until element specified with `locator` appears on current page.</doc>
<status status="NOT RUN" starttime="20230810 00:16:53.018" endtime="20230810 00:16:53.018"/>
</kw>
<kw name="Click Element" library="AppiumLibrary">
<arg>${fishpond_owner}</arg>
<doc>Click element identified by `locator`.</doc>
<status status="NOT RUN" starttime="20230810 00:16:53.018" endtime="20230810 00:16:53.019"/>
</kw>
<status status="NOT RUN" starttime="20230810 00:16:53.017" endtime="20230810 00:16:53.019"/>
</branch>
<status status="PASS" starttime="20230810 00:16:51.477" endtime="20230810 00:16:53.019"/>
</if>
<kw name="Enter Register Page">
<arg>${icn}</arg>
<arg>${name}</arg>
<arg>${sur}</arg>
<arg>${pn}</arg>
<arg>${email}</arg>
<arg>${adrs}</arg>
<arg>${user}</arg>
<arg>${pasw}</arg>
<kw name="Input Text" library="AppiumLibrary">
<arg>${INPUT_TEXT_ID}</arg>
<arg>${icn}</arg>
<doc>Types the given `text` into text field identified by `locator`.</doc>
<msg timestamp="20230810 00:16:53.026" level="INFO">Typing text '1509944518994' into text field 'xpath=//android.widget.EditText[@index=8]'</msg>
<msg timestamp="20230810 00:16:53.117" level="INFO">xpath criteria: //android.widget.EditText[@index=8]</msg>
<status status="PASS" starttime="20230810 00:16:53.021" endtime="20230810 00:16:53.117"/>
</kw>
<kw name="Input Text" library="AppiumLibrary">
<arg>${INPUT_TEXT_NAME}</arg>
<arg>${name}</arg>
<doc>Types the given `text` into text field identified by `locator`.</doc>
<msg timestamp="20230810 00:16:53.125" level="INFO">Typing text 'ภัคพล' into text field 'xpath=//android.widget.EditText[@index=10]'</msg>
<msg timestamp="20230810 00:16:54.271" level="INFO">xpath criteria: //android.widget.EditText[@index=10]</msg>
<status status="PASS" starttime="20230810 00:16:53.119" endtime="20230810 00:16:54.272"/>
</kw>
<kw name="Input Text" library="AppiumLibrary">
<arg>${INPUT_TEXT_LASENAME}</arg>
<arg>${sur}</arg>
<doc>Types the given `text` into text field identified by `locator`.</doc>
<msg timestamp="20230810 00:16:54.277" level="INFO">Typing text 'ปานบัว' into text field 'xpath=//android.widget.EditText[@index=12]'</msg>
<msg timestamp="20230810 00:16:55.570" level="INFO">xpath criteria: //android.widget.EditText[@index=12]</msg>
<status status="PASS" starttime="20230810 00:16:54.272" endtime="20230810 00:16:55.570"/>
</kw>
<kw name="Input Text" library="AppiumLibrary">
<arg>${INPUT_TEXT_TALL}</arg>
<arg>${pn}</arg>
<doc>Types the given `text` into text field identified by `locator`.</doc>
<msg timestamp="20230810 00:16:55.575" level="INFO">Typing text '0800511403' into text field 'xpath=//android.widget.EditText[@index=14]'</msg>
<msg timestamp="20230810 00:16:56.798" level="INFO">xpath criteria: //android.widget.EditText[@index=14]</msg>
<status status="PASS" starttime="20230810 00:16:55.571" endtime="20230810 00:16:56.799"/>
</kw>
<kw name="Click Element" library="AppiumLibrary">
<arg>${CLICK_DATE}</arg>
<doc>Click element identified by `locator`.</doc>
<msg timestamp="20230810 00:16:56.802" level="INFO">Clicking element 'xpath=(//android.widget.ImageView)[3]'.</msg>
<msg timestamp="20230810 00:16:57.307" level="INFO">xpath criteria: (//android.widget.ImageView)[3]</msg>
<status status="PASS" starttime="20230810 00:16:56.799" endtime="20230810 00:16:57.308"/>
</kw>
<status status="PASS" starttime="20230810 00:16:53.020" endtime="20230810 00:16:57.308"/>
</kw>
<kw name="Sleep" library="BuiltIn">
<arg>2s</arg>
<doc>Pauses the test executed for the given time.</doc>
<msg timestamp="20230810 00:16:59.310" level="INFO">Slept 2 seconds</msg>
<status status="PASS" starttime="20230810 00:16:57.308" endtime="20230810 00:16:59.310"/>
</kw>
<kw name="Get Text" library="AppiumLibrary">
<var>${CURR_YEAR}</var>
<arg>${HEADER_YEAR}</arg>
<doc>Get element text (for hybrid and mobile browser use `xpath` locator, others might cause problem)</doc>
<msg timestamp="20230810 00:16:59.384" level="INFO">Element 'id=android:id/date_picker_header_year' text is '2023' </msg>
<msg timestamp="20230810 00:16:59.384" level="INFO">criteria is android:id/date_picker_header_year</msg>
<msg timestamp="20230810 00:16:59.384" level="INFO">${CURR_YEAR} = 2023</msg>
<status status="PASS" starttime="20230810 00:16:59.311" endtime="20230810 00:16:59.384"/>
</kw>
<kw name="Get Text" library="AppiumLibrary">
<var>${CURR_DATE}</var>
<arg>${HEADER_DATE}</arg>
<doc>Get element text (for hybrid and mobile browser use `xpath` locator, others might cause problem)</doc>
<msg timestamp="20230810 00:17:00.016" level="INFO">Element 'id=android:id/date_picker_header_date' text is 'Thu, Aug 10' </msg>
<msg timestamp="20230810 00:17:00.017" level="INFO">criteria is android:id/date_picker_header_date</msg>
<msg timestamp="20230810 00:17:00.017" level="INFO">${CURR_DATE} = Thu, Aug 10</msg>
<status status="PASS" starttime="20230810 00:16:59.385" endtime="20230810 00:17:00.018"/>
</kw>
<kw name="Click Element" library="AppiumLibrary">
<arg>${HEADER_YEAR}</arg>
<doc>Click element identified by `locator`.</doc>
<msg timestamp="20230810 00:17:00.024" level="INFO">Clicking element 'id=android:id/date_picker_header_year'.</msg>
<msg timestamp="20230810 00:17:00.101" level="INFO">criteria is android:id/date_picker_header_year</msg>
<status status="PASS" starttime="20230810 00:17:00.018" endtime="20230810 00:17:00.102"/>
</kw>
<kw name="Sleep" library="BuiltIn">
<arg>5s</arg>
<doc>Pauses the test executed for the given time.</doc>
<msg timestamp="20230810 00:17:05.107" level="INFO">Slept 5 seconds</msg>
<status status="PASS" starttime="20230810 00:17:00.103" endtime="20230810 00:17:05.107"/>
</kw>
<kw name="Split Str By Slash" library="SplitMonthAndDate">
<var>${DATE_TARGET_ARRAY}</var>
<arg>${day}</arg>
<msg timestamp="20230810 00:17:05.108" level="INFO">${DATE_TARGET_ARRAY} = ['14', '2', '2002']</msg>
<status status="PASS" starttime="20230810 00:17:05.107" endtime="20230810 00:17:05.109"/>
</kw>
<kw name="Set Variable" library="BuiltIn">
<var>${TARGET_DAY}</var>
<arg>${DATE_TARGET_ARRAY}[0]</arg>
<doc>Returns the given values which can then be assigned to a variables.</doc>
<msg timestamp="20230810 00:17:05.109" level="INFO">${TARGET_DAY} = 14</msg>
<status status="PASS" starttime="20230810 00:17:05.109" endtime="20230810 00:17:05.110"/>
</kw>
<kw name="Set Variable" library="BuiltIn">
<var>${TARGET_MONTH}</var>
<arg>${DATE_TARGET_ARRAY}[1]</arg>
<doc>Returns the given values which can then be assigned to a variables.</doc>
<msg timestamp="20230810 00:17:05.110" level="INFO">${TARGET_MONTH} = 2</msg>
<status status="PASS" starttime="20230810 00:17:05.110" endtime="20230810 00:17:05.110"/>
</kw>
<kw name="Set Variable" library="BuiltIn">
<var>${TARGET_YEAR}</var>
<arg>${DATE_TARGET_ARRAY}[2]</arg>
<doc>Returns the given values which can then be assigned to a variables.</doc>
<msg timestamp="20230810 00:17:05.112" level="INFO">${TARGET_YEAR} = 2002</msg>
<status status="PASS" starttime="20230810 00:17:05.110" endtime="20230810 00:17:05.112"/>
</kw>
<for flavor="IN RANGE">
<var>${j}</var>
<value>999999</value>
<iter>
<var name="${j}">0</var>
<kw name="Get Webelements" library="AppiumLibrary">
<var>${elements}</var>
<arg>${YEAR_LIST}</arg>
<doc>Returns list of [http://selenium-python.readthedocs.io/api.html#module-selenium.webdriver.remote.webelement|WebElement] objects matching ``locator``.</doc>
<msg timestamp="20230810 00:17:05.158" level="INFO">xpath criteria: //android.widget.ListView/android.widget.TextView</msg>
<msg timestamp="20230810 00:17:05.158" level="INFO">${elements} = [&lt;appium.webdriver.webelement.WebElement (session="5bd52cdc-0bea-4cc1-9d8b-2db0fd3a800f", element="a72b2873-b25b-474f-8b97-850ccd36f33b")&gt;, &lt;appium.webdriver.webelement.WebElement (session="5bd52cdc-0...</msg>
<status status="PASS" starttime="20230810 00:17:05.134" endtime="20230810 00:17:05.159"/>
</kw>
<kw name="Set Variable" library="BuiltIn">
<var>${flag}</var>
<arg>20</arg>
<doc>Returns the given values which can then be assigned to a variables.</doc>
<msg timestamp="20230810 00:17:05.161" level="INFO">${flag} = 20</msg>
<status status="PASS" starttime="20230810 00:17:05.160" endtime="20230810 00:17:05.162"/>
</kw>
<kw name="Set Variable" library="BuiltIn">
<var>${str}</var>
<arg>20</arg>
<doc>Returns the given values which can then be assigned to a variables.</doc>
<msg timestamp="20230810 00:17:05.165" level="INFO">${str} = 20</msg>
<status status="PASS" starttime="20230810 00:17:05.162" endtime="20230810 00:17:05.165"/>
</kw>
<for flavor="IN">
<var>${elem}</var>
<value>@{elements}</value>
<iter>
<var name="${elem}">&lt;appium.webdriver.webelement.WebElement (session="5bd52cdc-0bea-4cc1-9d8b-2db0fd3a800f", element="a72b2873-b25b-474f-8b97-850ccd36f33b")&gt;</var>
<kw name="Get Text" library="AppiumLibrary">
<var>${str}</var>
<arg>${elem}</arg>
<doc>Get element text (for hybrid and mobile browser use `xpath` locator, others might cause problem)</doc>
<msg timestamp="20230810 00:17:05.199" level="INFO">Element '&lt;appium.webdriver.webelement.WebElement (session="5bd52cdc-0bea-4cc1-9d8b-2db0fd3a800f", element="a72b2873-b25b-474f-8b97-850ccd36f33b")&gt;' text is '2021' </msg>
<msg timestamp="20230810 00:17:05.200" level="INFO">${str} = 2021</msg>
<status status="PASS" starttime="20230810 00:17:05.168" endtime="20230810 00:17:05.200"/>
</kw>
<if>
<branch type="IF" condition="${str} == ${TARGET_YEAR}">
<kw name="Click Element" library="AppiumLibrary">
<arg>${elem}</arg>
<doc>Click element identified by `locator`.</doc>
<status status="NOT RUN" starttime="20230810 00:17:05.202" endtime="20230810 00:17:05.204"/>
</kw>
<kw name="Set Variable" library="BuiltIn">
<var>${flag}</var>
<arg>${str}</arg>
<doc>Returns the given values which can then be assigned to a variables.</doc>
<status status="NOT RUN" starttime="20230810 00:17:05.204" endtime="20230810 00:17:05.204"/>
</kw>
<kw name="Exit For Loop" library="BuiltIn">
<doc>Stops executing the enclosing FOR loop.</doc>
<status status="NOT RUN" starttime="20230810 00:17:05.205" endtime="20230810 00:17:05.205"/>
</kw>
<status status="NOT RUN" starttime="20230810 00:17:05.200" endtime="20230810 00:17:05.205"/>
</branch>
<status status="PASS" starttime="20230810 00:17:05.200" endtime="20230810 00:17:05.205"/>
</if>
<kw name="Log To Console" library="BuiltIn">
<arg>${str}</arg>
<doc>Logs the given message to the console.</doc>
<status status="PASS" starttime="20230810 00:17:05.206" endtime="20230810 00:17:05.207"/>
</kw>
<status status="PASS" starttime="20230810 00:17:05.167" endtime="20230810 00:17:05.207"/>
</iter>
<iter>
<var name="${elem}">&lt;appium.webdriver.webelement.WebElement (session="5bd52cdc-0bea-4cc1-9d8b-2db0fd3a800f", element="ec906274-9c70-4cbc-8257-e30916954d6b")&gt;</var>
<kw name="Get Text" library="AppiumLibrary">
<var>${str}</var>
<arg>${elem}</arg>
<doc>Get element text (for hybrid and mobile browser use `xpath` locator, others might cause problem)</doc>
<msg timestamp="20230810 00:17:05.227" level="INFO">Element '&lt;appium.webdriver.webelement.WebElement (session="5bd52cdc-0bea-4cc1-9d8b-2db0fd3a800f", element="ec906274-9c70-4cbc-8257-e30916954d6b")&gt;' text is '2022' </msg>
<msg timestamp="20230810 00:17:05.230" level="INFO">${str} = 2022</msg>
<status status="PASS" starttime="20230810 00:17:05.208" endtime="20230810 00:17:05.230"/>
</kw>
<if>
<branch type="IF" condition="${str} == ${TARGET_YEAR}">
<kw name="Click Element" library="AppiumLibrary">
<arg>${elem}</arg>
<doc>Click element identified by `locator`.</doc>
<status status="NOT RUN" starttime="20230810 00:17:05.232" endtime="20230810 00:17:05.232"/>
</kw>
<kw name="Set Variable" library="BuiltIn">
<var>${flag}</var>
<arg>${str}</arg>
<doc>Returns the given values which can then be assigned to a variables.</doc>
<status status="NOT RUN" starttime="20230810 00:17:05.232" endtime="20230810 00:17:05.233"/>
</kw>
<kw name="Exit For Loop" library="BuiltIn">
<doc>Stops executing the enclosing FOR loop.</doc>
<status status="NOT RUN" starttime="20230810 00:17:05.233" endtime="20230810 00:17:05.234"/>
</kw>
<status status="NOT RUN" starttime="20230810 00:17:05.231" endtime="20230810 00:17:05.234"/>
</branch>
<status status="PASS" starttime="20230810 00:17:05.231" endtime="20230810 00:17:05.234"/>
</if>
<kw name="Log To Console" library="BuiltIn">
<arg>${str}</arg>
<doc>Logs the given message to the console.</doc>
<status status="PASS" starttime="20230810 00:17:05.234" endtime="20230810 00:17:05.235"/>
</kw>
<status status="PASS" starttime="20230810 00:17:05.207" endtime="20230810 00:17:05.235"/>
</iter>
<iter>
<var name="${elem}">&lt;appium.webdriver.webelement.WebElement (session="5bd52cdc-0bea-4cc1-9d8b-2db0fd3a800f", element="195f011a-b3d4-48be-b25d-a802fce258c2")&gt;</var>
<kw name="Get Text" library="AppiumLibrary">
<var>${str}</var>
<arg>${elem}</arg>
<doc>Get element text (for hybrid and mobile browser use `xpath` locator, others might cause problem)</doc>
<msg timestamp="20230810 00:17:05.254" level="INFO">Element '&lt;appium.webdriver.webelement.WebElement (session="5bd52cdc-0bea-4cc1-9d8b-2db0fd3a800f", element="195f011a-b3d4-48be-b25d-a802fce258c2")&gt;' text is '2023' </msg>
<msg timestamp="20230810 00:17:05.254" level="INFO">${str} = 2023</msg>
<status status="PASS" starttime="20230810 00:17:05.236" endtime="20230810 00:17:05.255"/>
</kw>
<if>
<branch type="IF" condition="${str} == ${TARGET_YEAR}">
<kw name="Click Element" library="AppiumLibrary">
<arg>${elem}</arg>
<doc>Click element identified by `locator`.</doc>
<status status="NOT RUN" starttime="20230810 00:17:05.256" endtime="20230810 00:17:05.256"/>
</kw>
<kw name="Set Variable" library="BuiltIn">
<var>${flag}</var>
<arg>${str}</arg>
<doc>Returns the given values which can then be assigned to a variables.</doc>
<status status="NOT RUN" starttime="20230810 00:17:05.257" endtime="20230810 00:17:05.258"/>
</kw>
<kw name="Exit For Loop" library="BuiltIn">
<doc>Stops executing the enclosing FOR loop.</doc>
<status status="NOT RUN" starttime="20230810 00:17:05.258" endtime="20230810 00:17:05.259"/>
</kw>
<status status="NOT RUN" starttime="20230810 00:17:05.255" endtime="20230810 00:17:05.260"/>
</branch>
<status status="PASS" starttime="20230810 00:17:05.255" endtime="20230810 00:17:05.260"/>
</if>
<kw name="Log To Console" library="BuiltIn">
<arg>${str}</arg>
<doc>Logs the given message to the console.</doc>
<status status="PASS" starttime="20230810 00:17:05.260" endtime="20230810 00:17:05.261"/>
</kw>
<status status="PASS" starttime="20230810 00:17:05.235" endtime="20230810 00:17:05.261"/>
</iter>
<iter>
<var name="${elem}">&lt;appium.webdriver.webelement.WebElement (session="5bd52cdc-0bea-4cc1-9d8b-2db0fd3a800f", element="b122cbbe-8a96-4365-83cc-5233e51b77a5")&gt;</var>
<kw name="Get Text" library="AppiumLibrary">
<var>${str}</var>
<arg>${elem}</arg>
<doc>Get element text (for hybrid and mobile browser use `xpath` locator, others might cause problem)</doc>
<msg timestamp="20230810 00:17:05.285" level="INFO">Element '&lt;appium.webdriver.webelement.WebElement (session="5bd52cdc-0bea-4cc1-9d8b-2db0fd3a800f", element="b122cbbe-8a96-4365-83cc-5233e51b77a5")&gt;' text is '2024' </msg>
<msg timestamp="20230810 00:17:05.286" level="INFO">${str} = 2024</msg>
<status status="PASS" starttime="20230810 00:17:05.264" endtime="20230810 00:17:05.286"/>
</kw>
<if>
<branch type="IF" condition="${str} == ${TARGET_YEAR}">
<kw name="Click Element" library="AppiumLibrary">
<arg>${elem}</arg>
<doc>Click element identified by `locator`.</doc>
<status status="NOT RUN" starttime="20230810 00:17:05.288" endtime="20230810 00:17:05.289"/>
</kw>
<kw name="Set Variable" library="BuiltIn">
<var>${flag}</var>
<arg>${str}</arg>
<doc>Returns the given values which can then be assigned to a variables.</doc>
<status status="NOT RUN" starttime="20230810 00:17:05.289" endtime="20230810 00:17:05.290"/>
</kw>
<kw name="Exit For Loop" library="BuiltIn">
<doc>Stops executing the enclosing FOR loop.</doc>
<status status="NOT RUN" starttime="20230810 00:17:05.290" endtime="20230810 00:17:05.291"/>
</kw>
<status status="NOT RUN" starttime="20230810 00:17:05.287" endtime="20230810 00:17:05.291"/>
</branch>
<status status="PASS" starttime="20230810 00:17:05.287" endtime="20230810 00:17:05.291"/>
</if>
<kw name="Log To Console" library="BuiltIn">
<arg>${str}</arg>
<doc>Logs the given message to the console.</doc>
<status status="PASS" starttime="20230810 00:17:05.292" endtime="20230810 00:17:05.293"/>
</kw>
<status status="PASS" starttime="20230810 00:17:05.262" endtime="20230810 00:17:05.294"/>
</iter>
<iter>
<var name="${elem}">&lt;appium.webdriver.webelement.WebElement (session="5bd52cdc-0bea-4cc1-9d8b-2db0fd3a800f", element="e244ddd2-c974-4fd8-9173-d130497149fc")&gt;</var>
<kw name="Get Text" library="AppiumLibrary">
<var>${str}</var>
<arg>${elem}</arg>
<doc>Get element text (for hybrid and mobile browser use `xpath` locator, others might cause problem)</doc>
<msg timestamp="20230810 00:17:05.313" level="INFO">Element '&lt;appium.webdriver.webelement.WebElement (session="5bd52cdc-0bea-4cc1-9d8b-2db0fd3a800f", element="e244ddd2-c974-4fd8-9173-d130497149fc")&gt;' text is '2025' </msg>
<msg timestamp="20230810 00:17:05.313" level="INFO">${str} = 2025</msg>
<status status="PASS" starttime="20230810 00:17:05.294" endtime="20230810 00:17:05.314"/>
</kw>
<if>
<branch type="IF" condition="${str} == ${TARGET_YEAR}">
<kw name="Click Element" library="AppiumLibrary">
<arg>${elem}</arg>
<doc>Click element identified by `locator`.</doc>
<status status="NOT RUN" starttime="20230810 00:17:05.315" endtime="20230810 00:17:05.316"/>
</kw>
<kw name="Set Variable" library="BuiltIn">
<var>${flag}</var>
<arg>${str}</arg>
<doc>Returns the given values which can then be assigned to a variables.</doc>
<status status="NOT RUN" starttime="20230810 00:17:05.316" endtime="20230810 00:17:05.316"/>
</kw>
<kw name="Exit For Loop" library="BuiltIn">
<doc>Stops executing the enclosing FOR loop.</doc>
<status status="NOT RUN" starttime="20230810 00:17:05.317" endtime="20230810 00:17:05.317"/>
</kw>
<status status="NOT RUN" starttime="20230810 00:17:05.314" endtime="20230810 00:17:05.317"/>
</branch>
<status status="PASS" starttime="20230810 00:17:05.314" endtime="20230810 00:17:05.317"/>
</if>
<kw name="Log To Console" library="BuiltIn">
<arg>${str}</arg>
<doc>Logs the given message to the console.</doc>
<status status="PASS" starttime="20230810 00:17:05.318" endtime="20230810 00:17:05.318"/>
</kw>
<status status="PASS" starttime="20230810 00:17:05.294" endtime="20230810 00:17:05.319"/>
</iter>
<iter>
<var name="${elem}">&lt;appium.webdriver.webelement.WebElement (session="5bd52cdc-0bea-4cc1-9d8b-2db0fd3a800f", element="f5f0c81d-6c5f-4f75-a093-98bc82529708")&gt;</var>
<kw name="Get Text" library="AppiumLibrary">
<var>${str}</var>
<arg>${elem}</arg>
<doc>Get element text (for hybrid and mobile browser use `xpath` locator, others might cause problem)</doc>
<msg timestamp="20230810 00:17:05.342" level="INFO">Element '&lt;appium.webdriver.webelement.WebElement (session="5bd52cdc-0bea-4cc1-9d8b-2db0fd3a800f", element="f5f0c81d-6c5f-4f75-a093-98bc82529708")&gt;' text is '2026' </msg>
<msg timestamp="20230810 00:17:05.342" level="INFO">${str} = 2026</msg>
<status status="PASS" starttime="20230810 00:17:05.320" endtime="20230810 00:17:05.343"/>
</kw>
<if>
<branch type="IF" condition="${str} == ${TARGET_YEAR}">
<kw name="Click Element" library="AppiumLibrary">
<arg>${elem}</arg>
<doc>Click element identified by `locator`.</doc>
<status status="NOT RUN" starttime="20230810 00:17:05.344" endtime="20230810 00:17:05.344"/>
</kw>
<kw name="Set Variable" library="BuiltIn">
<var>${flag}</var>
<arg>${str}</arg>
<doc>Returns the given values which can then be assigned to a variables.</doc>
<status status="NOT RUN" starttime="20230810 00:17:05.345" endtime="20230810 00:17:05.345"/>
</kw>
<kw name="Exit For Loop" library="BuiltIn">
<doc>Stops executing the enclosing FOR loop.</doc>
<status status="NOT RUN" starttime="20230810 00:17:05.345" endtime="20230810 00:17:05.346"/>
</kw>
<status status="NOT RUN" starttime="20230810 00:17:05.343" endtime="20230810 00:17:05.346"/>
</branch>
<status status="PASS" starttime="20230810 00:17:05.343" endtime="20230810 00:17:05.346"/>
</if>
<kw name="Log To Console" library="BuiltIn">
<arg>${str}</arg>
<doc>Logs the given message to the console.</doc>
<status status="PASS" starttime="20230810 00:17:05.346" endtime="20230810 00:17:05.347"/>
</kw>
<status status="PASS" starttime="20230810 00:17:05.319" endtime="20230810 00:17:05.347"/>
</iter>
<iter>
<var name="${elem}">&lt;appium.webdriver.webelement.WebElement (session="5bd52cdc-0bea-4cc1-9d8b-2db0fd3a800f", element="828b41b6-1c0e-44df-9ca8-911ba1f760c7")&gt;</var>
<kw name="Get Text" library="AppiumLibrary">
<var>${str}</var>
<arg>${elem}</arg>
<doc>Get element text (for hybrid and mobile browser use `xpath` locator, others might cause problem)</doc>
<msg timestamp="20230810 00:17:05.368" level="INFO">Element '&lt;appium.webdriver.webelement.WebElement (session="5bd52cdc-0bea-4cc1-9d8b-2db0fd3a800f", element="828b41b6-1c0e-44df-9ca8-911ba1f760c7")&gt;' text is '2027' </msg>
<msg timestamp="20230810 00:17:05.369" level="INFO">${str} = 2027</msg>
<status status="PASS" starttime="20230810 00:17:05.348" endtime="20230810 00:17:05.369"/>
</kw>
<if>
<branch type="IF" condition="${str} == ${TARGET_YEAR}">
<kw name="Click Element" library="AppiumLibrary">
<arg>${elem}</arg>
<doc>Click element identified by `locator`.</doc>
<status status="NOT RUN" starttime="20230810 00:17:05.371" endtime="20230810 00:17:05.371"/>
</kw>
<kw name="Set Variable" library="BuiltIn">
<var>${flag}</var>
<arg>${str}</arg>
<doc>Returns the given values which can then be assigned to a variables.</doc>
<status status="NOT RUN" starttime="20230810 00:17:05.372" endtime="20230810 00:17:05.372"/>
</kw>
<kw name="Exit For Loop" library="BuiltIn">
<doc>Stops executing the enclosing FOR loop.</doc>
<status status="NOT RUN" starttime="20230810 00:17:05.373" endtime="20230810 00:17:05.373"/>
</kw>
<status status="NOT RUN" starttime="20230810 00:17:05.370" endtime="20230810 00:17:05.373"/>
</branch>
<status status="PASS" starttime="20230810 00:17:05.370" endtime="20230810 00:17:05.373"/>
</if>
<kw name="Log To Console" library="BuiltIn">
<arg>${str}</arg>
<doc>Logs the given message to the console.</doc>
<status status="PASS" starttime="20230810 00:17:05.373" endtime="20230810 00:17:05.374"/>
</kw>
<status status="PASS" starttime="20230810 00:17:05.347" endtime="20230810 00:17:05.374"/>
</iter>
<iter>
<var name="${elem}">&lt;appium.webdriver.webelement.WebElement (session="5bd52cdc-0bea-4cc1-9d8b-2db0fd3a800f", element="ac47afcc-d540-4234-9b01-11c01e868f33")&gt;</var>
<kw name="Get Text" library="AppiumLibrary">
<var>${str}</var>
<arg>${elem}</arg>
<doc>Get element text (for hybrid and mobile browser use `xpath` locator, others might cause problem)</doc>
<msg timestamp="20230810 00:17:05.392" level="INFO">Element '&lt;appium.webdriver.webelement.WebElement (session="5bd52cdc-0bea-4cc1-9d8b-2db0fd3a800f", element="ac47afcc-d540-4234-9b01-11c01e868f33")&gt;' text is '2028' </msg>
<msg timestamp="20230810 00:17:05.392" level="INFO">${str} = 2028</msg>
<status status="PASS" starttime="20230810 00:17:05.376" endtime="20230810 00:17:05.393"/>
</kw>
<if>
<branch type="IF" condition="${str} == ${TARGET_YEAR}">
<kw name="Click Element" library="AppiumLibrary">
<arg>${elem}</arg>
<doc>Click element identified by `locator`.</doc>
<status status="NOT RUN" starttime="20230810 00:17:05.394" endtime="20230810 00:17:05.395"/>
</kw>
<kw name="Set Variable" library="BuiltIn">
<var>${flag}</var>
<arg>${str}</arg>
<doc>Returns the given values which can then be assigned to a variables.</doc>
<status status="NOT RUN" starttime="20230810 00:17:05.396" endtime="20230810 00:17:05.397"/>
</kw>
<kw name="Exit For Loop" library="BuiltIn">
<doc>Stops executing the enclosing FOR loop.</doc>
<status status="NOT RUN" starttime="20230810 00:17:05.398" endtime="20230810 00:17:05.398"/>
</kw>
<status status="NOT RUN" starttime="20230810 00:17:05.393" endtime="20230810 00:17:05.398"/>
</branch>
<status status="PASS" starttime="20230810 00:17:05.393" endtime="20230810 00:17:05.399"/>
</if>
<kw name="Log To Console" library="BuiltIn">
<arg>${str}</arg>
<doc>Logs the given message to the console.</doc>
<status status="PASS" starttime="20230810 00:17:05.399" endtime="20230810 00:17:05.400"/>
</kw>
<status status="PASS" starttime="20230810 00:17:05.375" endtime="20230810 00:17:05.400"/>
</iter>
<status status="PASS" starttime="20230810 00:17:05.166" endtime="20230810 00:17:05.400"/>
</for>
<kw name="Exit For Loop If" library="BuiltIn">
<arg>${str} == ${flag}</arg>
<doc>Stops executing the enclosing FOR loop if the ``condition`` is true.</doc>
<status status="PASS" starttime="20230810 00:17:05.400" endtime="20230810 00:17:05.401"/>
</kw>
<kw name="Set Variable" library="BuiltIn">
<var>${FIRST_ELEM}</var>
<arg>${elements}[0]</arg>
<doc>Returns the given values which can then be assigned to a variables.</doc>
<msg timestamp="20230810 00:17:05.402" level="INFO">${FIRST_ELEM} = &lt;appium.webdriver.webelement.WebElement (session="5bd52cdc-0bea-4cc1-9d8b-2db0fd3a800f", element="a72b2873-b25b-474f-8b97-850ccd36f33b")&gt;</msg>
<status status="PASS" starttime="20230810 00:17:05.401" endtime="20230810 00:17:05.402"/>
</kw>
<kw name="Get Text" library="AppiumLibrary">
<var>${TEXT_OF_FIRST}</var>
<arg>${FIRST_ELEM}</arg>
<doc>Get element text (for hybrid and mobile browser use `xpath` locator, others might cause problem)</doc>
<msg timestamp="20230810 00:17:05.420" level="INFO">Element '&lt;appium.webdriver.webelement.WebElement (session="5bd52cdc-0bea-4cc1-9d8b-2db0fd3a800f", element="a72b2873-b25b-474f-8b97-850ccd36f33b")&gt;' text is '2021' </msg>
<msg timestamp="20230810 00:17:05.420" level="INFO">${TEXT_OF_FIRST} = 2021</msg>
<status status="PASS" starttime="20230810 00:17:05.402" endtime="20230810 00:17:05.420"/>
</kw>
<if>
<branch type="IF" condition="${TEXT_OF_FIRST} &lt; ${TARGET_YEAR}">
<kw name="Swipe By Percent" library="AppiumLibrary">
<arg>50</arg>
<arg>60</arg>
<arg>50</arg>
<arg>33</arg>
<arg>1000</arg>
<doc>Swipe from one percent of the screen to another percent, for an optional duration.
Normal swipe fails to scale for different screen resolutions, this can be avoided using percent.</doc>
<status status="NOT RUN" starttime="20230810 00:17:05.421" endtime="20230810 00:17:05.422"/>
</kw>
<status status="NOT RUN" starttime="20230810 00:17:05.420" endtime="20230810 00:17:05.422"/>
</branch>
<branch type="ELSE IF" condition="${TEXT_OF_FIRST} &gt; ${TARGET_YEAR}">
<kw name="Swipe By Percent" library="AppiumLibrary">
<arg>50</arg>
<arg>33</arg>
<arg>50</arg>
<arg>60</arg>
<arg>1000</arg>
<doc>Swipe from one percent of the screen to another percent, for an optional duration.
Normal swipe fails to scale for different screen resolutions, this can be avoided using percent.</doc>
<status status="PASS" starttime="20230810 00:17:05.423" endtime="20230810 00:17:06.759"/>
</kw>
<status status="PASS" starttime="20230810 00:17:05.422" endtime="20230810 00:17:06.759"/>
</branch>
<status status="PASS" starttime="20230810 00:17:05.420" endtime="20230810 00:17:06.760"/>
</if>
<status status="PASS" starttime="20230810 00:17:05.133" endtime="20230810 00:17:06.760"/>
</iter>
<iter>
<var name="${j}">1</var>
<kw name="Get Webelements" library="AppiumLibrary">
<var>${elements}</var>
<arg>${YEAR_LIST}</arg>
<doc>Returns list of [http://selenium-python.readthedocs.io/api.html#module-selenium.webdriver.remote.webelement|WebElement] objects matching ``locator``.</doc>
<msg timestamp="20230810 00:17:07.592" level="INFO">xpath criteria: //android.widget.ListView/android.widget.TextView</msg>
<msg timestamp="20230810 00:17:07.606" level="INFO">${elements} = [&lt;appium.webdriver.webelement.WebElement (session="5bd52cdc-0bea-4cc1-9d8b-2db0fd3a800f", element="5f32af7c-655f-48c4-be73-76733cce764c")&gt;, &lt;appium.webdriver.webelement.WebElement (session="5bd52cdc-0...</msg>
<status status="PASS" starttime="20230810 00:17:06.761" endtime="20230810 00:17:07.606"/>
</kw>
<kw name="Set Variable" library="BuiltIn">
<var>${flag}</var>
<arg>20</arg>
<doc>Returns the given values which can then be assigned to a variables.</doc>
<msg timestamp="20230810 00:17:07.608" level="INFO">${flag} = 20</msg>
<status status="PASS" starttime="20230810 00:17:07.607" endtime="20230810 00:17:07.608"/>
</kw>
<kw name="Set Variable" library="BuiltIn">
<var>${str}</var>
<arg>20</arg>
<doc>Returns the given values which can then be assigned to a variables.</doc>
<msg timestamp="20230810 00:17:07.611" level="INFO">${str} = 20</msg>
<status status="PASS" starttime="20230810 00:17:07.609" endtime="20230810 00:17:07.611"/>
</kw>
<for flavor="IN">
<var>${elem}</var>
<value>@{elements}</value>
<iter>
<var name="${elem}">&lt;appium.webdriver.webelement.WebElement (session="5bd52cdc-0bea-4cc1-9d8b-2db0fd3a800f", element="5f32af7c-655f-48c4-be73-76733cce764c")&gt;</var>
<kw name="Get Text" library="AppiumLibrary">
<var>${str}</var>
<arg>${elem}</arg>
<doc>Get element text (for hybrid and mobile browser use `xpath` locator, others might cause problem)</doc>
<msg timestamp="20230810 00:17:07.653" level="INFO">Element '&lt;appium.webdriver.webelement.WebElement (session="5bd52cdc-0bea-4cc1-9d8b-2db0fd3a800f", element="5f32af7c-655f-48c4-be73-76733cce764c")&gt;' text is '2016' </msg>
<msg timestamp="20230810 00:17:07.653" level="INFO">${str} = 2016</msg>
<status status="PASS" starttime="20230810 00:17:07.613" endtime="20230810 00:17:07.654"/>
</kw>
<if>
<branch type="IF" condition="${str} == ${TARGET_YEAR}">
<kw name="Click Element" library="AppiumLibrary">
<arg>${elem}</arg>
<doc>Click element identified by `locator`.</doc>
<status status="NOT RUN" starttime="20230810 00:17:07.655" endtime="20230810 00:17:07.656"/>
</kw>
<kw name="Set Variable" library="BuiltIn">
<var>${flag}</var>
<arg>${str}</arg>
<doc>Returns the given values which can then be assigned to a variables.</doc>
<status status="NOT RUN" starttime="20230810 00:17:07.656" endtime="20230810 00:17:07.656"/>
</kw>
<kw name="Exit For Loop" library="BuiltIn">
<doc>Stops executing the enclosing FOR loop.</doc>
<status status="NOT RUN" starttime="20230810 00:17:07.657" endtime="20230810 00:17:07.657"/>
</kw>
<status status="NOT RUN" starttime="20230810 00:17:07.654" endtime="20230810 00:17:07.658"/>
</branch>
<status status="PASS" starttime="20230810 00:17:07.654" endtime="20230810 00:17:07.658"/>
</if>
<kw name="Log To Console" library="BuiltIn">
<arg>${str}</arg>
<doc>Logs the given message to the console.</doc>
<status status="PASS" starttime="20230810 00:17:07.658" endtime="20230810 00:17:07.659"/>
</kw>
<status status="PASS" starttime="20230810 00:17:07.613" endtime="20230810 00:17:07.659"/>
</iter>
<iter>
<var name="${elem}">&lt;appium.webdriver.webelement.WebElement (session="5bd52cdc-0bea-4cc1-9d8b-2db0fd3a800f", element="9c97f241-af95-4b7f-8735-1805340ade20")&gt;</var>
<kw name="Get Text" library="AppiumLibrary">
<var>${str}</var>
<arg>${elem}</arg>
<doc>Get element text (for hybrid and mobile browser use `xpath` locator, others might cause problem)</doc>
<msg timestamp="20230810 00:17:07.698" level="INFO">Element '&lt;appium.webdriver.webelement.WebElement (session="5bd52cdc-0bea-4cc1-9d8b-2db0fd3a800f", element="9c97f241-af95-4b7f-8735-1805340ade20")&gt;' text is '2017' </msg>
<msg timestamp="20230810 00:17:07.698" level="INFO">${str} = 2017</msg>
<status status="PASS" starttime="20230810 00:17:07.660" endtime="20230810 00:17:07.700"/>
</kw>
<if>
<branch type="IF" condition="${str} == ${TARGET_YEAR}">
<kw name="Click Element" library="AppiumLibrary">
<arg>${elem}</arg>
<doc>Click element identified by `locator`.</doc>
<status status="NOT RUN" starttime="20230810 00:17:07.702" endtime="20230810 00:17:07.703"/>
</kw>
<kw name="Set Variable" library="BuiltIn">
<var>${flag}</var>
<arg>${str}</arg>
<doc>Returns the given values which can then be assigned to a variables.</doc>
<status status="NOT RUN" starttime="20230810 00:17:07.703" endtime="20230810 00:17:07.703"/>
</kw>
<kw name="Exit For Loop" library="BuiltIn">
<doc>Stops executing the enclosing FOR loop.</doc>
<status status="NOT RUN" starttime="20230810 00:17:07.704" endtime="20230810 00:17:07.704"/>
</kw>
<status status="NOT RUN" starttime="20230810 00:17:07.701" endtime="20230810 00:17:07.704"/>
</branch>
<status status="PASS" starttime="20230810 00:17:07.701" endtime="20230810 00:17:07.704"/>
</if>
<kw name="Log To Console" library="BuiltIn">
<arg>${str}</arg>
<doc>Logs the given message to the console.</doc>
<status status="PASS" starttime="20230810 00:17:07.704" endtime="20230810 00:17:07.705"/>
</kw>
<status status="PASS" starttime="20230810 00:17:07.659" endtime="20230810 00:17:07.706"/>
</iter>
<iter>
<var name="${elem}">&lt;appium.webdriver.webelement.WebElement (session="5bd52cdc-0bea-4cc1-9d8b-2db0fd3a800f", element="730b764e-98a2-4ea5-bf2f-9150c586a6a0")&gt;</var>
<kw name="Get Text" library="AppiumLibrary">
<var>${str}</var>
<arg>${elem}</arg>
<doc>Get element text (for hybrid and mobile browser use `xpath` locator, others might cause problem)</doc>
<msg timestamp="20230810 00:17:07.746" level="INFO">Element '&lt;appium.webdriver.webelement.WebElement (session="5bd52cdc-0bea-4cc1-9d8b-2db0fd3a800f", element="730b764e-98a2-4ea5-bf2f-9150c586a6a0")&gt;' text is '2018' </msg>
<msg timestamp="20230810 00:17:07.747" level="INFO">${str} = 2018</msg>
<status status="PASS" starttime="20230810 00:17:07.707" endtime="20230810 00:17:07.748"/>
</kw>
<if>
<branch type="IF" condition="${str} == ${TARGET_YEAR}">
<kw name="Click Element" library="AppiumLibrary">
<arg>${elem}</arg>
<doc>Click element identified by `locator`.</doc>
<status status="NOT RUN" starttime="20230810 00:17:07.750" endtime="20230810 00:17:07.751"/>
</kw>
<kw name="Set Variable" library="BuiltIn">
<var>${flag}</var>
<arg>${str}</arg>
<doc>Returns the given values which can then be assigned to a variables.</doc>
<status status="NOT RUN" starttime="20230810 00:17:07.751" endtime="20230810 00:17:07.752"/>
</kw>
<kw name="Exit For Loop" library="BuiltIn">
<doc>Stops executing the enclosing FOR loop.</doc>
<status status="NOT RUN" starttime="20230810 00:17:07.752" endtime="20230810 00:17:07.753"/>
</kw>
<status status="NOT RUN" starttime="20230810 00:17:07.749" endtime="20230810 00:17:07.753"/>
</branch>
<status status="PASS" starttime="20230810 00:17:07.749" endtime="20230810 00:17:07.753"/>
</if>
<kw name="Log To Console" library="BuiltIn">
<arg>${str}</arg>
<doc>Logs the given message to the console.</doc>
<status status="PASS" starttime="20230810 00:17:07.754" endtime="20230810 00:17:07.756"/>
</kw>
<status status="PASS" starttime="20230810 00:17:07.706" endtime="20230810 00:17:07.756"/>
</iter>
<iter>
<var name="${elem}">&lt;appium.webdriver.webelement.WebElement (session="5bd52cdc-0bea-4cc1-9d8b-2db0fd3a800f", element="3a025326-7595-46c8-973b-2e274600dc30")&gt;</var>
<kw name="Get Text" library="AppiumLibrary">
<var>${str}</var>
<arg>${elem}</arg>
<doc>Get element text (for hybrid and mobile browser use `xpath` locator, others might cause problem)</doc>
<msg timestamp="20230810 00:17:07.868" level="INFO">Element '&lt;appium.webdriver.webelement.WebElement (session="5bd52cdc-0bea-4cc1-9d8b-2db0fd3a800f", element="3a025326-7595-46c8-973b-2e274600dc30")&gt;' text is '2019' </msg>
<msg timestamp="20230810 00:17:07.869" level="INFO">${str} = 2019</msg>
<status status="PASS" starttime="20230810 00:17:07.757" endtime="20230810 00:17:07.870"/>
</kw>
<if>
<branch type="IF" condition="${str} == ${TARGET_YEAR}">
<kw name="Click Element" library="AppiumLibrary">
<arg>${elem}</arg>
<doc>Click element identified by `locator`.</doc>
<status status="NOT RUN" starttime="20230810 00:17:07.871" endtime="20230810 00:17:07.872"/>
</kw>
<kw name="Set Variable" library="BuiltIn">
<var>${flag}</var>
<arg>${str}</arg>
<doc>Returns the given values which can then be assigned to a variables.</doc>
<status status="NOT RUN" starttime="20230810 00:17:07.872" endtime="20230810 00:17:07.872"/>
</kw>
<kw name="Exit For Loop" library="BuiltIn">
<doc>Stops executing the enclosing FOR loop.</doc>
<status status="NOT RUN" starttime="20230810 00:17:07.873" endtime="20230810 00:17:07.873"/>
</kw>
<status status="NOT RUN" starttime="20230810 00:17:07.870" endtime="20230810 00:17:07.874"/>
</branch>
<status status="PASS" starttime="20230810 00:17:07.870" endtime="20230810 00:17:07.874"/>
</if>
<kw name="Log To Console" library="BuiltIn">
<arg>${str}</arg>
<doc>Logs the given message to the console.</doc>
<status status="PASS" starttime="20230810 00:17:07.874" endtime="20230810 00:17:07.875"/>
</kw>
<status status="PASS" starttime="20230810 00:17:07.757" endtime="20230810 00:17:07.875"/>
</iter>
<iter>
<var name="${elem}">&lt;appium.webdriver.webelement.WebElement (session="5bd52cdc-0bea-4cc1-9d8b-2db0fd3a800f", element="413b0124-abc5-4772-b677-a220e8a4eca7")&gt;</var>
<kw name="Get Text" library="AppiumLibrary">
<var>${str}</var>
<arg>${elem}</arg>
<doc>Get element text (for hybrid and mobile browser use `xpath` locator, others might cause problem)</doc>
<msg timestamp="20230810 00:17:07.898" level="INFO">Element '&lt;appium.webdriver.webelement.WebElement (session="5bd52cdc-0bea-4cc1-9d8b-2db0fd3a800f", element="413b0124-abc5-4772-b677-a220e8a4eca7")&gt;' text is '2020' </msg>
<msg timestamp="20230810 00:17:07.899" level="INFO">${str} = 2020</msg>
<status status="PASS" starttime="20230810 00:17:07.876" endtime="20230810 00:17:07.900"/>
</kw>
<if>
<branch type="IF" condition="${str} == ${TARGET_YEAR}">
<kw name="Click Element" library="AppiumLibrary">
<arg>${elem}</arg>
<doc>Click element identified by `locator`.</doc>
<status status="NOT RUN" starttime="20230810 00:17:07.902" endtime="20230810 00:17:07.902"/>
</kw>
<kw name="Set Variable" library="BuiltIn">
<var>${flag}</var>
<arg>${str}</arg>
<doc>Returns the given values which can then be assigned to a variables.</doc>
<status status="NOT RUN" starttime="20230810 00:17:07.903" endtime="20230810 00:17:07.903"/>
</kw>
<kw name="Exit For Loop" library="BuiltIn">
<doc>Stops executing the enclosing FOR loop.</doc>
<status status="NOT RUN" starttime="20230810 00:17:07.904" endtime="20230810 00:17:07.904"/>
</kw>
<status status="NOT RUN" starttime="20230810 00:17:07.900" endtime="20230810 00:17:07.904"/>
</branch>
<status status="PASS" starttime="20230810 00:17:07.900" endtime="20230810 00:17:07.904"/>
</if>
<kw name="Log To Console" library="BuiltIn">
<arg>${str}</arg>
<doc>Logs the given message to the console.</doc>
<status status="PASS" starttime="20230810 00:17:07.905" endtime="20230810 00:17:07.906"/>
</kw>
<status status="PASS" starttime="20230810 00:17:07.876" endtime="20230810 00:17:07.906"/>
</iter>
<iter>
<var name="${elem}">&lt;appium.webdriver.webelement.WebElement (session="5bd52cdc-0bea-4cc1-9d8b-2db0fd3a800f", element="f16c6a8c-03bc-4973-8fb7-ecce744bec1f")&gt;</var>
<kw name="Get Text" library="AppiumLibrary">
<var>${str}</var>
<arg>${elem}</arg>
<doc>Get element text (for hybrid and mobile browser use `xpath` locator, others might cause problem)</doc>
<msg timestamp="20230810 00:17:07.926" level="INFO">Element '&lt;appium.webdriver.webelement.WebElement (session="5bd52cdc-0bea-4cc1-9d8b-2db0fd3a800f", element="f16c6a8c-03bc-4973-8fb7-ecce744bec1f")&gt;' text is '2021' </msg>
<msg timestamp="20230810 00:17:07.927" level="INFO">${str} = 2021</msg>
<status status="PASS" starttime="20230810 00:17:07.907" endtime="20230810 00:17:07.928"/>
</kw>
<if>
<branch type="IF" condition="${str} == ${TARGET_YEAR}">
<kw name="Click Element" library="AppiumLibrary">
<arg>${elem}</arg>
<doc>Click element identified by `locator`.</doc>
<status status="NOT RUN" starttime="20230810 00:17:07.933" endtime="20230810 00:17:07.934"/>
</kw>
<kw name="Set Variable" library="BuiltIn">
<var>${flag}</var>
<arg>${str}</arg>
<doc>Returns the given values which can then be assigned to a variables.</doc>
<status status="NOT RUN" starttime="20230810 00:17:07.935" endtime="20230810 00:17:07.936"/>
</kw>
<kw name="Exit For Loop" library="BuiltIn">
<doc>Stops executing the enclosing FOR loop.</doc>
<status status="NOT RUN" starttime="20230810 00:17:07.937" endtime="20230810 00:17:07.937"/>
</kw>
<status status="NOT RUN" starttime="20230810 00:17:07.929" endtime="20230810 00:17:07.937"/>
</branch>
<status status="PASS" starttime="20230810 00:17:07.929" endtime="20230810 00:17:07.938"/>
</if>
<kw name="Log To Console" library="BuiltIn">
<arg>${str}</arg>
<doc>Logs the given message to the console.</doc>
<status status="PASS" starttime="20230810 00:17:07.938" endtime="20230810 00:17:07.939"/>
</kw>
<status status="PASS" starttime="20230810 00:17:07.906" endtime="20230810 00:17:07.939"/>
</iter>
<iter>
<var name="${elem}">&lt;appium.webdriver.webelement.WebElement (session="5bd52cdc-0bea-4cc1-9d8b-2db0fd3a800f", element="f3bfff65-a4e1-4496-96c7-91776012e374")&gt;</var>
<kw name="Get Text" library="AppiumLibrary">
<var>${str}</var>
<arg>${elem}</arg>
<doc>Get element text (for hybrid and mobile browser use `xpath` locator, others might cause problem)</doc>
<msg timestamp="20230810 00:17:07.963" level="INFO">Element '&lt;appium.webdriver.webelement.WebElement (session="5bd52cdc-0bea-4cc1-9d8b-2db0fd3a800f", element="f3bfff65-a4e1-4496-96c7-91776012e374")&gt;' text is '2022' </msg>
<msg timestamp="20230810 00:17:07.965" level="INFO">${str} = 2022</msg>
<status status="PASS" starttime="20230810 00:17:07.940" endtime="20230810 00:17:07.966"/>
</kw>
<if>
<branch type="IF" condition="${str} == ${TARGET_YEAR}">
<kw name="Click Element" library="AppiumLibrary">
<arg>${elem}</arg>
<doc>Click element identified by `locator`.</doc>
<status status="NOT RUN" starttime="20230810 00:17:07.968" endtime="20230810 00:17:07.969"/>
</kw>
<kw name="Set Variable" library="BuiltIn">
<var>${flag}</var>
<arg>${str}</arg>
<doc>Returns the given values which can then be assigned to a variables.</doc>
<status status="NOT RUN" starttime="20230810 00:17:07.970" endtime="20230810 00:17:07.972"/>
</kw>
<kw name="Exit For Loop" library="BuiltIn">
<doc>Stops executing the enclosing FOR loop.</doc>
<status status="NOT RUN" starttime="20230810 00:17:07.972" endtime="20230810 00:17:07.973"/>
</kw>
<status status="NOT RUN" starttime="20230810 00:17:07.966" endtime="20230810 00:17:07.973"/>
</branch>
<status status="PASS" starttime="20230810 00:17:07.966" endtime="20230810 00:17:07.973"/>
</if>
<kw name="Log To Console" library="BuiltIn">
<arg>${str}</arg>
<doc>Logs the given message to the console.</doc>
<status status="PASS" starttime="20230810 00:17:07.973" endtime="20230810 00:17:07.974"/>
</kw>
<status status="PASS" starttime="20230810 00:17:07.939" endtime="20230810 00:17:07.974"/>
</iter>
<iter>
<var name="${elem}">&lt;appium.webdriver.webelement.WebElement (session="5bd52cdc-0bea-4cc1-9d8b-2db0fd3a800f", element="5ed3f195-c521-423a-b42f-22f19268131c")&gt;</var>
<kw name="Get Text" library="AppiumLibrary">
<var>${str}</var>
<arg>${elem}</arg>
<doc>Get element text (for hybrid and mobile browser use `xpath` locator, others might cause problem)</doc>
<msg timestamp="20230810 00:17:08.006" level="INFO">Element '&lt;appium.webdriver.webelement.WebElement (session="5bd52cdc-0bea-4cc1-9d8b-2db0fd3a800f", element="5ed3f195-c521-423a-b42f-22f19268131c")&gt;' text is '2023' </msg>
<msg timestamp="20230810 00:17:08.006" level="INFO">${str} = 2023</msg>
<status status="PASS" starttime="20230810 00:17:07.976" endtime="20230810 00:17:08.007"/>
</kw>
<if>
<branch type="IF" condition="${str} == ${TARGET_YEAR}">
<kw name="Click Element" library="AppiumLibrary">
<arg>${elem}</arg>
<doc>Click element identified by `locator`.</doc>
<status status="NOT RUN" starttime="20230810 00:17:08.009" endtime="20230810 00:17:08.010"/>
</kw>
<kw name="Set Variable" library="BuiltIn">
<var>${flag}</var>
<arg>${str}</arg>
<doc>Returns the given values which can then be assigned to a variables.</doc>
<status status="NOT RUN" starttime="20230810 00:17:08.011" endtime="20230810 00:17:08.012"/>
</kw>
<kw name="Exit For Loop" library="BuiltIn">
<doc>Stops executing the enclosing FOR loop.</doc>
<status status="NOT RUN" starttime="20230810 00:17:08.012" endtime="20230810 00:17:08.013"/>
</kw>
<status status="NOT RUN" starttime="20230810 00:17:08.008" endtime="20230810 00:17:08.013"/>
</branch>
<status status="PASS" starttime="20230810 00:17:08.008" endtime="20230810 00:17:08.013"/>
</if>
<kw name="Log To Console" library="BuiltIn">
<arg>${str}</arg>
<doc>Logs the given message to the console.</doc>
<status status="PASS" starttime="20230810 00:17:08.013" endtime="20230810 00:17:08.014"/>
</kw>
<status status="PASS" starttime="20230810 00:17:07.975" endtime="20230810 00:17:08.014"/>
</iter>
<status status="PASS" starttime="20230810 00:17:07.611" endtime="20230810 00:17:08.014"/>
</for>
<kw name="Exit For Loop If" library="BuiltIn">
<arg>${str} == ${flag}</arg>
<doc>Stops executing the enclosing FOR loop if the ``condition`` is true.</doc>
<status status="PASS" starttime="20230810 00:17:08.015" endtime="20230810 00:17:08.016"/>
</kw>
<kw name="Set Variable" library="BuiltIn">
<var>${FIRST_ELEM}</var>
<arg>${elements}[0]</arg>
<doc>Returns the given values which can then be assigned to a variables.</doc>
<msg timestamp="20230810 00:17:08.017" level="INFO">${FIRST_ELEM} = &lt;appium.webdriver.webelement.WebElement (session="5bd52cdc-0bea-4cc1-9d8b-2db0fd3a800f", element="5f32af7c-655f-48c4-be73-76733cce764c")&gt;</msg>
<status status="PASS" starttime="20230810 00:17:08.016" endtime="20230810 00:17:08.017"/>
</kw>
<kw name="Get Text" library="AppiumLibrary">
<var>${TEXT_OF_FIRST}</var>
<arg>${FIRST_ELEM}</arg>
<doc>Get element text (for hybrid and mobile browser use `xpath` locator, others might cause problem)</doc>
<msg timestamp="20230810 00:17:08.041" level="INFO">Element '&lt;appium.webdriver.webelement.WebElement (session="5bd52cdc-0bea-4cc1-9d8b-2db0fd3a800f", element="5f32af7c-655f-48c4-be73-76733cce764c")&gt;' text is '2016' </msg>
<msg timestamp="20230810 00:17:08.042" level="INFO">${TEXT_OF_FIRST} = 2016</msg>
<status status="PASS" starttime="20230810 00:17:08.018" endtime="20230810 00:17:08.042"/>
</kw>
<if>
<branch type="IF" condition="${TEXT_OF_FIRST} &lt; ${TARGET_YEAR}">
<kw name="Swipe By Percent" library="AppiumLibrary">
<arg>50</arg>
<arg>60</arg>
<arg>50</arg>
<arg>33</arg>
<arg>1000</arg>
<doc>Swipe from one percent of the screen to another percent, for an optional duration.
Normal swipe fails to scale for different screen resolutions, this can be avoided using percent.</doc>
<status status="NOT RUN" starttime="20230810 00:17:08.043" endtime="20230810 00:17:08.044"/>
</kw>
<status status="NOT RUN" starttime="20230810 00:17:08.042" endtime="20230810 00:17:08.044"/>
</branch>
<branch type="ELSE IF" condition="${TEXT_OF_FIRST} &gt; ${TARGET_YEAR}">
<kw name="Swipe By Percent" library="AppiumLibrary">
<arg>50</arg>
<arg>33</arg>
<arg>50</arg>
<arg>60</arg>
<arg>1000</arg>
<doc>Swipe from one percent of the screen to another percent, for an optional duration.
Normal swipe fails to scale for different screen resolutions, this can be avoided using percent.</doc>
<status status="PASS" starttime="20230810 00:17:08.046" endtime="20230810 00:17:09.408"/>
</kw>
<status status="PASS" starttime="20230810 00:17:08.044" endtime="20230810 00:17:09.408"/>
</branch>
<status status="PASS" starttime="20230810 00:17:08.042" endtime="20230810 00:17:09.408"/>
</if>
<status status="PASS" starttime="20230810 00:17:06.760" endtime="20230810 00:17:09.408"/>
</iter>
<iter>
<var name="${j}">2</var>
<kw name="Get Webelements" library="AppiumLibrary">
<var>${elements}</var>
<arg>${YEAR_LIST}</arg>
<doc>Returns list of [http://selenium-python.readthedocs.io/api.html#module-selenium.webdriver.remote.webelement|WebElement] objects matching ``locator``.</doc>
<msg timestamp="20230810 00:17:10.305" level="INFO">xpath criteria: //android.widget.ListView/android.widget.TextView</msg>
<msg timestamp="20230810 00:17:10.305" level="INFO">${elements} = [&lt;appium.webdriver.webelement.WebElement (session="5bd52cdc-0bea-4cc1-9d8b-2db0fd3a800f", element="e92ddba5-1a1a-474c-9476-e8d5af029da7")&gt;, &lt;appium.webdriver.webelement.WebElement (session="5bd52cdc-0...</msg>
<status status="PASS" starttime="20230810 00:17:09.409" endtime="20230810 00:17:10.305"/>
</kw>
<kw name="Set Variable" library="BuiltIn">
<var>${flag}</var>
<arg>20</arg>
<doc>Returns the given values which can then be assigned to a variables.</doc>
<msg timestamp="20230810 00:17:10.306" level="INFO">${flag} = 20</msg>
<status status="PASS" starttime="20230810 00:17:10.305" endtime="20230810 00:17:10.306"/>
</kw>
<kw name="Set Variable" library="BuiltIn">
<var>${str}</var>
<arg>20</arg>
<doc>Returns the given values which can then be assigned to a variables.</doc>
<msg timestamp="20230810 00:17:10.308" level="INFO">${str} = 20</msg>
<status status="PASS" starttime="20230810 00:17:10.306" endtime="20230810 00:17:10.308"/>
</kw>
<for flavor="IN">
<var>${elem}</var>
<value>@{elements}</value>
<iter>
<var name="${elem}">&lt;appium.webdriver.webelement.WebElement (session="5bd52cdc-0bea-4cc1-9d8b-2db0fd3a800f", element="e92ddba5-1a1a-474c-9476-e8d5af029da7")&gt;</var>
<kw name="Get Text" library="AppiumLibrary">
<var>${str}</var>
<arg>${elem}</arg>
<doc>Get element text (for hybrid and mobile browser use `xpath` locator, others might cause problem)</doc>
<msg timestamp="20230810 00:17:10.351" level="INFO">Element '&lt;appium.webdriver.webelement.WebElement (session="5bd52cdc-0bea-4cc1-9d8b-2db0fd3a800f", element="e92ddba5-1a1a-474c-9476-e8d5af029da7")&gt;' text is '2011' </msg>
<msg timestamp="20230810 00:17:10.351" level="INFO">${str} = 2011</msg>
<status status="PASS" starttime="20230810 00:17:10.312" endtime="20230810 00:17:10.351"/>
</kw>
<if>
<branch type="IF" condition="${str} == ${TARGET_YEAR}">
<kw name="Click Element" library="AppiumLibrary">
<arg>${elem}</arg>
<doc>Click element identified by `locator`.</doc>
<status status="NOT RUN" starttime="20230810 00:17:10.352" endtime="20230810 00:17:10.353"/>
</kw>
<kw name="Set Variable" library="BuiltIn">
<var>${flag}</var>
<arg>${str}</arg>
<doc>Returns the given values which can then be assigned to a variables.</doc>
<status status="NOT RUN" starttime="20230810 00:17:10.353" endtime="20230810 00:17:10.354"/>
</kw>
<kw name="Exit For Loop" library="BuiltIn">
<doc>Stops executing the enclosing FOR loop.</doc>
<status status="NOT RUN" starttime="20230810 00:17:10.354" endtime="20230810 00:17:10.355"/>
</kw>
<status status="NOT RUN" starttime="20230810 00:17:10.352" endtime="20230810 00:17:10.355"/>
</branch>
<status status="PASS" starttime="20230810 00:17:10.351" endtime="20230810 00:17:10.355"/>
</if>
<kw name="Log To Console" library="BuiltIn">
<arg>${str}</arg>
<doc>Logs the given message to the console.</doc>
<status status="PASS" starttime="20230810 00:17:10.356" endtime="20230810 00:17:10.357"/>
</kw>
<status status="PASS" starttime="20230810 00:17:10.310" endtime="20230810 00:17:10.357"/>
</iter>
<iter>
<var name="${elem}">&lt;appium.webdriver.webelement.WebElement (session="5bd52cdc-0bea-4cc1-9d8b-2db0fd3a800f", element="a7600c1b-7e06-4473-89aa-955e45be65c8")&gt;</var>
<kw name="Get Text" library="AppiumLibrary">
<var>${str}</var>
<arg>${elem}</arg>
<doc>Get element text (for hybrid and mobile browser use `xpath` locator, others might cause problem)</doc>
<msg timestamp="20230810 00:17:10.378" level="INFO">Element '&lt;appium.webdriver.webelement.WebElement (session="5bd52cdc-0bea-4cc1-9d8b-2db0fd3a800f", element="a7600c1b-7e06-4473-89aa-955e45be65c8")&gt;' text is '2012' </msg>
<msg timestamp="20230810 00:17:10.378" level="INFO">${str} = 2012</msg>
<status status="PASS" starttime="20230810 00:17:10.358" endtime="20230810 00:17:10.379"/>
</kw>
<if>
<branch type="IF" condition="${str} == ${TARGET_YEAR}">
<kw name="Click Element" library="AppiumLibrary">
<arg>${elem}</arg>
<doc>Click element identified by `locator`.</doc>
<status status="NOT RUN" starttime="20230810 00:17:10.380" endtime="20230810 00:17:10.380"/>
</kw>
<kw name="Set Variable" library="BuiltIn">
<var>${flag}</var>
<arg>${str}</arg>
<doc>Returns the given values which can then be assigned to a variables.</doc>
<status status="NOT RUN" starttime="20230810 00:17:10.381" endtime="20230810 00:17:10.381"/>
</kw>
<kw name="Exit For Loop" library="BuiltIn">
<doc>Stops executing the enclosing FOR loop.</doc>
<status status="NOT RUN" starttime="20230810 00:17:10.381" endtime="20230810 00:17:10.381"/>
</kw>
<status status="NOT RUN" starttime="20230810 00:17:10.379" endtime="20230810 00:17:10.382"/>
</branch>
<status status="PASS" starttime="20230810 00:17:10.379" endtime="20230810 00:17:10.382"/>
</if>
<kw name="Log To Console" library="BuiltIn">
<arg>${str}</arg>
<doc>Logs the given message to the console.</doc>
<status status="PASS" starttime="20230810 00:17:10.382" endtime="20230810 00:17:10.383"/>
</kw>
<status status="PASS" starttime="20230810 00:17:10.358" endtime="20230810 00:17:10.383"/>
</iter>
<iter>
<var name="${elem}">&lt;appium.webdriver.webelement.WebElement (session="5bd52cdc-0bea-4cc1-9d8b-2db0fd3a800f", element="2bed69d7-1e55-407f-9c0c-09981fc3b5ee")&gt;</var>
<kw name="Get Text" library="AppiumLibrary">
<var>${str}</var>
<arg>${elem}</arg>
<doc>Get element text (for hybrid and mobile browser use `xpath` locator, others might cause problem)</doc>
<msg timestamp="20230810 00:17:10.401" level="INFO">Element '&lt;appium.webdriver.webelement.WebElement (session="5bd52cdc-0bea-4cc1-9d8b-2db0fd3a800f", element="2bed69d7-1e55-407f-9c0c-09981fc3b5ee")&gt;' text is '2013' </msg>
<msg timestamp="20230810 00:17:10.401" level="INFO">${str} = 2013</msg>
<status status="PASS" starttime="20230810 00:17:10.384" endtime="20230810 00:17:10.401"/>
</kw>
<if>
<branch type="IF" condition="${str} == ${TARGET_YEAR}">
<kw name="Click Element" library="AppiumLibrary">
<arg>${elem}</arg>
<doc>Click element identified by `locator`.</doc>
<status status="NOT RUN" starttime="20230810 00:17:10.402" endtime="20230810 00:17:10.403"/>
</kw>
<kw name="Set Variable" library="BuiltIn">
<var>${flag}</var>
<arg>${str}</arg>
<doc>Returns the given values which can then be assigned to a variables.</doc>
<status status="NOT RUN" starttime="20230810 00:17:10.403" endtime="20230810 00:17:10.403"/>
</kw>
<kw name="Exit For Loop" library="BuiltIn">
<doc>Stops executing the enclosing FOR loop.</doc>
<status status="NOT RUN" starttime="20230810 00:17:10.403" endtime="20230810 00:17:10.403"/>
</kw>
<status status="NOT RUN" starttime="20230810 00:17:10.401" endtime="20230810 00:17:10.403"/>
</branch>
<status status="PASS" starttime="20230810 00:17:10.401" endtime="20230810 00:17:10.403"/>
</if>
<kw name="Log To Console" library="BuiltIn">
<arg>${str}</arg>
<doc>Logs the given message to the console.</doc>
<status status="PASS" starttime="20230810 00:17:10.403" endtime="20230810 00:17:10.404"/>
</kw>
<status status="PASS" starttime="20230810 00:17:10.383" endtime="20230810 00:17:10.405"/>
</iter>
<iter>
<var name="${elem}">&lt;appium.webdriver.webelement.WebElement (session="5bd52cdc-0bea-4cc1-9d8b-2db0fd3a800f", element="85098d7b-548f-41bb-9e73-fa7334b68a10")&gt;</var>
<kw name="Get Text" library="AppiumLibrary">
<var>${str}</var>
<arg>${elem}</arg>
<doc>Get element text (for hybrid and mobile browser use `xpath` locator, others might cause problem)</doc>
<msg timestamp="20230810 00:17:10.422" level="INFO">Element '&lt;appium.webdriver.webelement.WebElement (session="5bd52cdc-0bea-4cc1-9d8b-2db0fd3a800f", element="85098d7b-548f-41bb-9e73-fa7334b68a10")&gt;' text is '2014' </msg>
<msg timestamp="20230810 00:17:10.422" level="INFO">${str} = 2014</msg>
<status status="PASS" starttime="20230810 00:17:10.406" endtime="20230810 00:17:10.422"/>
</kw>
<if>
<branch type="IF" condition="${str} == ${TARGET_YEAR}">
<kw name="Click Element" library="AppiumLibrary">
<arg>${elem}</arg>
<doc>Click element identified by `locator`.</doc>
<status status="NOT RUN" starttime="20230810 00:17:10.423" endtime="20230810 00:17:10.424"/>
</kw>
<kw name="Set Variable" library="BuiltIn">
<var>${flag}</var>
<arg>${str}</arg>
<doc>Returns the given values which can then be assigned to a variables.</doc>
<status status="NOT RUN" starttime="20230810 00:17:10.424" endtime="20230810 00:17:10.424"/>
</kw>
<kw name="Exit For Loop" library="BuiltIn">
<doc>Stops executing the enclosing FOR loop.</doc>
<status status="NOT RUN" starttime="20230810 00:17:10.425" endtime="20230810 00:17:10.425"/>
</kw>
<status status="NOT RUN" starttime="20230810 00:17:10.423" endtime="20230810 00:17:10.426"/>
</branch>
<status status="PASS" starttime="20230810 00:17:10.423" endtime="20230810 00:17:10.426"/>
</if>
<kw name="Log To Console" library="BuiltIn">
<arg>${str}</arg>
<doc>Logs the given message to the console.</doc>
<status status="PASS" starttime="20230810 00:17:10.427" endtime="20230810 00:17:10.429"/>
</kw>
<status status="PASS" starttime="20230810 00:17:10.405" endtime="20230810 00:17:10.429"/>
</iter>
<iter>
<var name="${elem}">&lt;appium.webdriver.webelement.WebElement (session="5bd52cdc-0bea-4cc1-9d8b-2db0fd3a800f", element="30879cc6-e6b9-4e34-b37f-f73c7c4f1f5b")&gt;</var>
<kw name="Get Text" library="AppiumLibrary">
<var>${str}</var>
<arg>${elem}</arg>
<doc>Get element text (for hybrid and mobile browser use `xpath` locator, others might cause problem)</doc>
<msg timestamp="20230810 00:17:10.448" level="INFO">Element '&lt;appium.webdriver.webelement.WebElement (session="5bd52cdc-0bea-4cc1-9d8b-2db0fd3a800f", element="30879cc6-e6b9-4e34-b37f-f73c7c4f1f5b")&gt;' text is '2015' </msg>
<msg timestamp="20230810 00:17:10.449" level="INFO">${str} = 2015</msg>
<status status="PASS" starttime="20230810 00:17:10.431" endtime="20230810 00:17:10.450"/>
</kw>
<if>
<branch type="IF" condition="${str} == ${TARGET_YEAR}">
<kw name="Click Element" library="AppiumLibrary">
<arg>${elem}</arg>
<doc>Click element identified by `locator`.</doc>
<status status="NOT RUN" starttime="20230810 00:17:10.451" endtime="20230810 00:17:10.452"/>
</kw>
<kw name="Set Variable" library="BuiltIn">
<var>${flag}</var>
<arg>${str}</arg>
<doc>Returns the given values which can then be assigned to a variables.</doc>
<status status="NOT RUN" starttime="20230810 00:17:10.452" endtime="20230810 00:17:10.453"/>
</kw>
<kw name="Exit For Loop" library="BuiltIn">
<doc>Stops executing the enclosing FOR loop.</doc>
<status status="NOT RUN" starttime="20230810 00:17:10.453" endtime="20230810 00:17:10.454"/>
</kw>
<status status="NOT RUN" starttime="20230810 00:17:10.450" endtime="20230810 00:17:10.454"/>
</branch>
<status status="PASS" starttime="20230810 00:17:10.450" endtime="20230810 00:17:10.455"/>
</if>
<kw name="Log To Console" library="BuiltIn">
<arg>${str}</arg>
<doc>Logs the given message to the console.</doc>
<status status="PASS" starttime="20230810 00:17:10.455" endtime="20230810 00:17:10.456"/>
</kw>
<status status="PASS" starttime="20230810 00:17:10.429" endtime="20230810 00:17:10.456"/>
</iter>
<iter>
<var name="${elem}">&lt;appium.webdriver.webelement.WebElement (session="5bd52cdc-0bea-4cc1-9d8b-2db0fd3a800f", element="b589989e-e054-45be-bb6b-f22e1f62be7a")&gt;</var>
<kw name="Get Text" library="AppiumLibrary">
<var>${str}</var>
<arg>${elem}</arg>
<doc>Get element text (for hybrid and mobile browser use `xpath` locator, others might cause problem)</doc>
<msg timestamp="20230810 00:17:10.477" level="INFO">Element '&lt;appium.webdriver.webelement.WebElement (session="5bd52cdc-0bea-4cc1-9d8b-2db0fd3a800f", element="b589989e-e054-45be-bb6b-f22e1f62be7a")&gt;' text is '2016' </msg>
<msg timestamp="20230810 00:17:10.477" level="INFO">${str} = 2016</msg>
<status status="PASS" starttime="20230810 00:17:10.456" endtime="20230810 00:17:10.478"/>
</kw>
<if>
<branch type="IF" condition="${str} == ${TARGET_YEAR}">
<kw name="Click Element" library="AppiumLibrary">
<arg>${elem}</arg>
<doc>Click element identified by `locator`.</doc>
<status status="NOT RUN" starttime="20230810 00:17:10.479" endtime="20230810 00:17:10.479"/>
</kw>
<kw name="Set Variable" library="BuiltIn">
<var>${flag}</var>
<arg>${str}</arg>
<doc>Returns the given values which can then be assigned to a variables.</doc>
<status status="NOT RUN" starttime="20230810 00:17:10.480" endtime="20230810 00:17:10.480"/>
</kw>
<kw name="Exit For Loop" library="BuiltIn">
<doc>Stops executing the enclosing FOR loop.</doc>
<status status="NOT RUN" starttime="20230810 00:17:10.480" endtime="20230810 00:17:10.480"/>
</kw>
<status status="NOT RUN" starttime="20230810 00:17:10.478" endtime="20230810 00:17:10.481"/>
</branch>
<status status="PASS" starttime="20230810 00:17:10.478" endtime="20230810 00:17:10.481"/>
</if>
<kw name="Log To Console" library="BuiltIn">
<arg>${str}</arg>
<doc>Logs the given message to the console.</doc>
<status status="PASS" starttime="20230810 00:17:10.481" endtime="20230810 00:17:10.483"/>
</kw>
<status status="PASS" starttime="20230810 00:17:10.456" endtime="20230810 00:17:10.483"/>
</iter>
<iter>
<var name="${elem}">&lt;appium.webdriver.webelement.WebElement (session="5bd52cdc-0bea-4cc1-9d8b-2db0fd3a800f", element="91780a8b-ec3b-463a-9c86-921efec45fa8")&gt;</var>
<kw name="Get Text" library="AppiumLibrary">
<var>${str}</var>
<arg>${elem}</arg>
<doc>Get element text (for hybrid and mobile browser use `xpath` locator, others might cause problem)</doc>
<msg timestamp="20230810 00:17:10.500" level="INFO">Element '&lt;appium.webdriver.webelement.WebElement (session="5bd52cdc-0bea-4cc1-9d8b-2db0fd3a800f", element="91780a8b-ec3b-463a-9c86-921efec45fa8")&gt;' text is '2017' </msg>
<msg timestamp="20230810 00:17:10.500" level="INFO">${str} = 2017</msg>
<status status="PASS" starttime="20230810 00:17:10.484" endtime="20230810 00:17:10.501"/>
</kw>
<if>
<branch type="IF" condition="${str} == ${TARGET_YEAR}">
<kw name="Click Element" library="AppiumLibrary">
<arg>${elem}</arg>
<doc>Click element identified by `locator`.</doc>
<status status="NOT RUN" starttime="20230810 00:17:10.503" endtime="20230810 00:17:10.504"/>
</kw>
<kw name="Set Variable" library="BuiltIn">
<var>${flag}</var>
<arg>${str}</arg>
<doc>Returns the given values which can then be assigned to a variables.</doc>
<status status="NOT RUN" starttime="20230810 00:17:10.504" endtime="20230810 00:17:10.505"/>
</kw>
<kw name="Exit For Loop" library="BuiltIn">
<doc>Stops executing the enclosing FOR loop.</doc>
<status status="NOT RUN" starttime="20230810 00:17:10.505" endtime="20230810 00:17:10.505"/>
</kw>
<status status="NOT RUN" starttime="20230810 00:17:10.502" endtime="20230810 00:17:10.506"/>
</branch>
<status status="PASS" starttime="20230810 00:17:10.502" endtime="20230810 00:17:10.506"/>
</if>
<kw name="Log To Console" library="BuiltIn">
<arg>${str}</arg>
<doc>Logs the given message to the console.</doc>
<status status="PASS" starttime="20230810 00:17:10.506" endtime="20230810 00:17:10.507"/>
</kw>
<status status="PASS" starttime="20230810 00:17:10.483" endtime="20230810 00:17:10.507"/>
</iter>
<iter>
<var name="${elem}">&lt;appium.webdriver.webelement.WebElement (session="5bd52cdc-0bea-4cc1-9d8b-2db0fd3a800f", element="c4c5c34c-d146-4969-8485-f611b87b9149")&gt;</var>
<kw name="Get Text" library="AppiumLibrary">
<var>${str}</var>
<arg>${elem}</arg>
<doc>Get element text (for hybrid and mobile browser use `xpath` locator, others might cause problem)</doc>
<msg timestamp="20230810 00:17:10.524" level="INFO">Element '&lt;appium.webdriver.webelement.WebElement (session="5bd52cdc-0bea-4cc1-9d8b-2db0fd3a800f", element="c4c5c34c-d146-4969-8485-f611b87b9149")&gt;' text is '2018' </msg>
<msg timestamp="20230810 00:17:10.524" level="INFO">${str} = 2018</msg>
<status status="PASS" starttime="20230810 00:17:10.508" endtime="20230810 00:17:10.525"/>
</kw>
<if>
<branch type="IF" condition="${str} == ${TARGET_YEAR}">
<kw name="Click Element" library="AppiumLibrary">
<arg>${elem}</arg>
<doc>Click element identified by `locator`.</doc>
<status status="NOT RUN" starttime="20230810 00:17:10.526" endtime="20230810 00:17:10.526"/>
</kw>
<kw name="Set Variable" library="BuiltIn">
<var>${flag}</var>
<arg>${str}</arg>
<doc>Returns the given values which can then be assigned to a variables.</doc>
<status status="NOT RUN" starttime="20230810 00:17:10.527" endtime="20230810 00:17:10.527"/>
</kw>
<kw name="Exit For Loop" library="BuiltIn">
<doc>Stops executing the enclosing FOR loop.</doc>
<status status="NOT RUN" starttime="20230810 00:17:10.527" endtime="20230810 00:17:10.528"/>
</kw>
<status status="NOT RUN" starttime="20230810 00:17:10.525" endtime="20230810 00:17:10.531"/>
</branch>
<status status="PASS" starttime="20230810 00:17:10.525" endtime="20230810 00:17:10.531"/>
</if>
<kw name="Log To Console" library="BuiltIn">
<arg>${str}</arg>
[...]
MBSBEAAAAAAMRSAEAAAAAEMRCAEAAADAUARCAAAAADAUgRAAAAAADEUgBAAAAABDEQgBAAAAwFAE
QgAAAAAwFIEQAAAAAAxFIAQAAAAAQxEIAQAAAMBQBEIAAAAAMBSBEAAAAAAMRSAEAAAAAEMRCAEA
AADAUARCAAAAADAUgRAAAAAADEUgBAAAAABDEQgBAAAAwFAEQgAAAAAwFIEQAAAAAAxFIAQAAAAA
QxEIAQAAAMBQBEIAAAAAMBSBEAAAAAAMRSAEAAAAAEMRCAEAAADAUARCAAAAADAUgRAAAAAADEUg
BAAAAABDEQgBAAAAwFAEQgAAAAAwFIEQAAAAAAxFIAQAAAAAQxEIAQAAAMBQBEIAAAAAMBSBEAAA
AAAMRSAEAAAAAEMRCAEAAADAUARCAAAAADAUgRAAAAAADEUgBAAAAABDEQgBAAAAwFAEQgAAAAAw
FIEQAAAAAAxFIAQAAAAAQxEIAQAAAMBQBEIAAAAAMBSBEAAAAAAMRSAEAAAAAEMRCAEAAADAUARC
AAAAADAUgRAAAAAADEUgBAAAAABDEQgBAAAAwFAEQgAAAAAwFIEQAAAAAAxFIAQAAAAAQxEIAQAA
AMBQBEIAAAAAMBSBEAAAAAAMRSAEAAAAAEMRCAEAAADAUARCAAAAADAUgRAAAAAADEUgBAAAAABD
EQgBAAAAwFAEQgAAAAAwFIEQAAAAAAxFIAQAAAAAQxEIAQAAAMBQYYEuAACCndvt9vyRJJfL5fUe
gMCyWCyev1utVs9rjX8AAL4RCAGgGbfbLZfL5fkvgODW9IcZp9PZ4n2r1SqLxeL5LwDgKAIhAOho
CGwMggB6jsYfdpxOpycYEg4BoAGBEIDRnE4nIRAwiNvtltPp9AqHNpst0GUBQMAQCAEYiSAIoDEc
ulwugiEAYxEIARjF5XLJ6XQSBAF4NA2GNpvNMzANAJiAQAjACG63Ww6HgyAIwKfG64TFYlFYWBjP
GAIwAj+BAejxnE6n6uvrCYMA2sTtdqu+vr7VEUsBoKehhRBAj0WrIAB/NHYjpbUQQE9GCyGAHolW
QQCdgdZCAD0dgRBAj9M4pDwAdBauKwB6KgIhgB7F4XBw0wagSzidTjkcjkCXAQCdikAIoMdofN4H
ALpK49Q1ANBTEAgB9Ah05wLQXbjeAOhJCIQAQh7dRAF0N7qPAugpCIQAQhrdRAEECt1HAfQEBEIA
IYtuWwACjesQgFBHIAQQktxuNzdhAIKC0+lkzlMAIYtACCAk8ewOgGDCNQlAqCIQAgg5/BoPINjQ
awFAqCIQAggp3HQBCFb8WAUgFBEIAYQUumUBCGZcowCEGgIhgJDhcrn49R1AUHO73UyFAyCkEAgB
hAy6igIIBVyrAIQSAiGAkMCzOQBCBc86AwglBEIAIYEuWABCCdcsAKGCQAgg6NE6CCDU0EoIIFQQ
CAEEPX5pBxCKuHYBCAUEQgBBze120zoIICRx/QIQCgiEAIIav7ADCGVcwwAEOwIhgKDGzRSAUMY1
DECwIxACCFp0twIQ6riOAQh2BEIAQYtf1gH0BFzLAAQzAiGAoMWv6gB6Aq5lAIIZgRBA0OJXdQA9
AdcyAMGMQAggKPGLOoCehGsagGBFIAQQlLh5AtCTcE0DEKwIhACCEjdPAHoSrmkAghWBEAAAAAAM
RSAEEJQYhCE4OJ1OFRQUGN264XK5VFRUpNzcXJWUlMjpdAa6JIQgrmkAglVYoAsAgJ7smWeeUWZm
ZovXLRaLoqOjlZKSohNOOEFnnHGGRo0aJYvFEoAqffvlL3+pNWvW6Nprr9Xtt98e6HK61Z49e/SP
f/xDmZmZOnTokOf19PR0nXfeebrssss0dOjQAFYIAID/LJWVleb+7AsgaNXX1/eIVqmHH35Yr732
WpvW/cEPfqD58+crLi6ui6tqG6fTqTPPPFNVVVU68cQT9be//a1T9ltdXa3PP/9ckjR69GilpqZ2
yn4705tvvqlFixbJ4XD4XMdut+s3v/mNLr744m6sDKHKYrEoPDw80GUAQAu0EAIISj0hDDaVmJio
Z5991uu1uro65efn6/3331dmZqbeeecdlZWV6Y9//KNsNluAKj3KZrPp4Ycf1ueff67zzz+/0/Zb
VFSkX/ziF5IaWlCDLRB+8MEHeuCBByRJZ599tq6//nqNGDFCkZGRqqmp0e7du/XSSy9p3bp1WrBg
gZKSknT66acHuGoEu552TQPQcxAIAaAbREREaOTIkS1eHzdunM477zwtXrxYL7zwgtauXatPPvlE
Z511VgCqbGnq1KmaOnVqoMvoNk6nU08//bQkaeLEiXrooYcUGRnpeT8qKkonnXSSFi1apDvuuEOf
fPKJFi1apNdff112uz1QZQMA0GEMKgMAAWaxWHTDDTd4uop++umnx93G6XR2qMXB7XZ32aAoLpdL
dXV1XbJvqePH3LhtW4774MGD2rdvnyTpRz/6kVcYbCoiIkLXXHONJGnfvn3avn17h+pqK6fT2eFB
SfzdtiPnvKPfha7+DgEAWqKFEACCQFRUlCZNmqQPP/xQ2dnZra5TWFioFStWaNWqVdq9e7ciIiI0
fvx4zZgxQzNnzlRERITP/a9fv15vv/22PvvsM1VVVWnEiBG68MIL9eMf/1ibNm3SihUrNGjQIN12
221e2y1atEh5eXmaPHmyrrzyyhb7ramp0bvvvqtVq1Zp8+bNcjgcSklJ0ZQpU3TppZdq4sSJnnUf
fPBBHT58WDU1NZ7XnnvuOS1btkySdO+99yo+Pt6vY66urtaCBQskSVdffbWio6P1/PPPa/369bLZ
bFqzZo2ioqJ8nqemtUVHR/tcT5KGDh2qM844Q5JUWVnpeb20tFS/+93vJElz5szRpEmTWmzrcrk0
f/58SdIll1yi6dOnt1hnz549Wr58uT766CNlZ2crLCzMc+yzZs065nH4s21Hv2ft+S50xnYAgM5B
IASAIGG1NnTaaG0gk23btulXv/qVcnNzPa85HA5t2LBBGzZsUGZmph566KEWN/put1vPPvusnnvu
Oa/X9+zZoz179mjVqlUaO3asMjMzW+2munPnTm3ZskV9+/Zt8V5JSYnuuusuffHFF16vHzlyRMuX
L9fy5ct122236frrr5ck7dixQ19//bXXulu3bvX8vTHI+XPMTqfTM6prnz599NZbb3mFvONJT09X
WFiYHA6HMjMzNX36dJ8jvyYnJ3u6lzbVuK3UEPZa43a7PeucdtppLd7/5z//qd/+9rct9rt582Zt
3rxZ7733nhYtWtTq85f+bNvR71l7vwv+bgcA6Dx0GQWAIFBRUeG5KR42bJjXezk5Obr11luVm5ur
adOm6Y033tDGjRu1bt06PfTQQ4qLi9NHH32kF154ocV+165d6wmD06ZN0yuvvKJ169Zp5cqV+sMf
/qDi4mL9/e9/71DNTz31lL744gvFxcXpoYceUmZmpjZs2KClS5fqvPPOkyQ98cQT+uSTTyRJjz32
mFavXq1XXnnFs48HHnhAq1ev1urVq5WQkNApx9xoyZIlio+P16233qrHHntMjzzyyDFbUSUpLi5O
s2fPliS9++67evjhh1VUVNSh89NRmzZt8gS6Cy+8UG+88YY+/fRTffDBB1q4cKGSk5O1detW/eY3
v2nRDdafbf055+39Lvi7HQCg8xAIASDAnE6nnnvuOZWVlUmSzj33XK/3Fy1apJKSEo0ZM0YPPPCA
Ro0aJbvdrvj4eM2YMUN33nmnJOkvf/mLCgoKvPbb2IJ14okn6oEHHtC4ceMUHx+v9PR0XXzxxXry
ySd9Pid3LGVlZZ4gOW/ePM2YMUNJSUmKiorSiBEjdP/993sG0Xn33XclNbSopaamKikpybOfhIQE
paamKjU11Wtk1Y4ec1N9+vTRX/7yF91www0655xzdN5557Vp9NZbbrnFM2ro66+/rksvvVSLFi3S
hg0bVF1d3e5z1R4ul0uPP/64pIYAf99992nUqFGeOStnzpzpGQF1w4YNnuk7/N1W6vg578h3wZ/t
AACdi0AIAN3A4XBo7969Xn92796tzMxMzZ8/39Nqdt1113k9M/X9999r3bp1khpumlt79mvGjBmt
DkizY8cOffvtt5KkK6+8stVtR4wYoYsuuqjdx9M0GKWkpLR4PyoqSrfddpvmz5+vU089tV379ueY
m7r22mvVv3//dn221NBK+Pjjj+uOO+5QbGysysvLtWTJEt1yyy2aMWOGFi5cqK+++qpLphHYtm2b
Z4Ca6667rtUWzcmTJ2vChAmSpC+//LJTtvXnnHf0u9CV3yEAQNvxDCEAdIPCwkJdfvnlPt+32+26
6aabdO2113q9vmnTJknyDArSmqioKE2cOFFr167V7t27Pa83hkFJnsFPWtOROQ9TUlI0YMAAZWdn
68UXX1RGRoaGDx/utc6UKVM0ZcqUdu/bn2NuKjY2tt2f3chut+uaa67RrFmztGrVKq1YsULbt29X
WVmZli5dqqVLl2ratGm64447lJGR0eHPaW7btm2SGkLp2LFjfa537733qrS01BPQ/N3Wn3Pe0e9C
V36HAABtRyAEgG7Sr18/r+Xa2lodOXJEkrR48WKdfPLJLbY5fPiwpIZpDh588EGf+/7++++91pek
Q4cOSZISExO9ns/rDDabTQsWLNDtt9+uHTt2aPbs2Zo4caKmTJmi8ePHa8yYMcccyfJY/DnmzpaU
lKQrr7xSP/nJT5SVlaXPPvtM//jHP7Rnzx6tXbtWW7Zs0eLFizVu3LhO+by8vDxJ0siRI48Z1AcN
GtSp2/pzzjv6XejK7xAAoO0IhADQDdLT01s8B1VSUqLLL79chYWFWrVqVauBsLi4WJJUVVWlFStW
HPdzmnbDaxxdc+DAgf6U7tNpp52mv//973rjjTe0bNkybdmyRVu2bJHU8Gzgj3/8Y1111VVKTk5u
1379OeauYrFYNHjwYA0ePFhXXHGFVq1apfvvv19lZWW655579Prrr3dKeKmqqpLUsdZNf7b195x3
9LvQVd8hAEDbEQgBIEASEhJ044036sEHH9TSpUt12WWXadSoUV7rNE5FMXr0aN11113H3WfTUNL4
DFljK2RX6N+/v+bPn6958+Zp+/bt2rp1qz799FNt3bpVL7zwgt59910tXrxYQ4YMafM+/Tnm7mCz
2XTRRRepurpa9913n7KysrR582ZNnTrV733b7XZJR8Ndd23bGee8o9+FrvgOAQDajkAIAAF06aWX
asmSJcrOztazzz6rxx57zGveu8TEREkNzyCeeOKJ7Xrer3GgjtzcXFVXV3dpcIqOjtbkyZM1efJk
3XTTTfryyy91xx13KC8vT0888YRn9Mu28OeY/fXYY4+poKBAw4YNO+7cd03nD8zJyemUz09LS5PU
0DXT7Xb7nAOxs7ftzHPe0e9CZ36HAABtxyijABBAUVFRuvnmmyU1zBnYfMTM0aNHS2p4HnDHjh3t
2nfT+QybjijZGdavX6+//e1vevvtt1t9f8KECfrZz34mqeG46urq2rxvf47ZX0VFRXrvvfe0YsWK
FvP0NRceHu75e2MLm3S0pU5qeE60PU444QRJDceelZXlc72lS5fqkUce8eqG7M+2/pzzjn4XuvI7
BABoOwIhgKDUntaNUHfBBRd4bsifeeYZrxvfyZMnKz09XZL0/PPPy+FwtLqPvXv3tnhGcdy4cerT
p48k6a233mp1moSCggKtXbu23TXn5OTo0Ucf1cMPP6ySkpJW12kMTJGRkV4tTmFhRzun1NfXt9jO
n2P219lnny1J2rdv33GfpcvMzPT8vWn47tWrl6f+Xbt2tbpt8zkAG02YMMHzb9Y4R19zRUVFeuaZ
Z/Tqq696nT9/tvXnnHf0u+DPdygUmXRNAxBaCIQAEGARERGeVsLt27dr5cqVnveioqJ0++23S5I+
+ugj3XfffS0mn1+7dq3mzZunBQsWaP369V77vemmmyRJa9as0VNPPaWysjJJktvt1rZt23T77bd3
6BnDc889V3FxcaqpqdH999+vvXv3et5zu93atGmTXn75ZUnSJZdc4nUz33TQk40bN8rpdMrtdnsC
qz/H7K9zzjlHM2fOlNQwPcOiRYu0e/duT2uh2+1WQUGBXnzxRS1atEiSdPrpp3tN1WCxWDR9+nRJ
0ptvvqnMzEy5XC5JDYOxvP/++/r1r3/d6udHRkZq3rx5kqQlS5bopZde8hrAZe/evbr77rtVXFys
jIwMz+f4u60/57yj3wV/vkMAgM5jqays7PyZdQHAT/X19V0y8Xd3e/jhh/Xaa68pPT3dK+g153K5
dMstt2jjxo3q27evli5dqpiYGEkNN8cvvviinnzySc/6EyZMUGRkpPbt2+eZXuK6667Trbfe6tV9
0el06t577/W0dtntdg0cOFBFRUUqLCxUXFyc+vTpo927d+uss87SE0884VXX9ddfry1btujqq6/W
/Pnzvd77+OOPNX/+fE+3yEGDBik9PV05OTnKzc2V1NBy9vTTT3ueb2t01113afXq1ZKOPr/26quv
eqbm6OgxV1RUeAZ3WbhwoSfctUdtba0effRRvfnmm57XGs9bQUGBV2vWSSedpEWLFik1NdVrH/v3
79fcuXM9ATwxMVHJycnKysqSw+HQiBEjlJ+fr7KyMt1999264oorPNs6nU498sgjev311yU1PFs3
cuRIlZWVeUJTenq6nnjiCY0cOdLrc/3Z1p/vWUe/C/58h0KNxWLx6mYMAMHCtmDBgt8GuggAaE1P
CISffPKJtm3bppiYGM2dO9fnehaLRf369dPy5ctVXl6u2NhYTZgwwfPexIkTNWHCBBUVFSk7O1v5
+fnKyclRZWWlJk2apLvuuktXXXVVi25pVqtVU6ZMUUxMjL799luVl5erqKhI1dXVmjZtmn7/+9+r
oKBAO3bs0ODBg3XhhRd6bb98+XLl5eXpxBNPbDG5fUZGhqZOnaqKigrt3btXJSUlys3NVXl5uRIS
EjRnzhzdc889rU4ZMH78eOXk5CgrK0s1NTWqqanRT3/6U89k6R095rq6Or344ouSGlqgmk903hZh
YWE688wzdcYZZ8hqtSovL0+VlZUqKiryTOUxbtw43XzzzbrzzjsVHx/fYh8JCQk644wzdPDgQWVn
Z6umpkZFRUWKiIjQ7Nmzdc899+jDDz9UUVGRzjzzTI0ZM8br3+z0009XRkaGcnNzlZ+fr/z8fBUX
F8tut2v27Nn6/e9/3+p0Iv5s68/3rKPfBX++Q6HGZrN5hWgACBa0EAIISk6n87iDepiqpKREBQUF
slgsSkxMVFJSUpueT6qpqdHBgwdVX1+vlJQUz032//3f/2nlypWaNWuW7r///g7VVFFRoUOHDqmu
rk7R0dHq16+f17OCrXG73crPz1dpaakSExOVlpbm8zg6esydoa6uTgUFBSovL1dYWJhSUlKUkJDQ
5u0LCgpUWFio8PBw9e3bt12jvbrdbh0+fFglJSUKCwtr1/b+bCt1/Jx35Lvgz3ahwmaz0e0VQFAi
EAIISi6Xy+fAFmifmpoaRUZG+nzvkksu0ZEjR3Tbbbcdd6oFAB0TFhZGCyGAoMSVCUBQYkS+zrF9
+3bNnTvXa8CORm63W0uWLPEMKtO8SyiAzsM1DUCw6jl9MQD0KNw8dY7MzEx9++23mjNnjubOnatT
TjlFMTExys/P14oVKzxTJ1x99dUaNWpUgKsFei6uaQCCFV1GAQQth8PhGa4fHeN0OvXnP/9ZL7/8
ss9J0q+99lrNmzdPERER3VwdYAar1dqjnocE0LMQCAEELQaW6Tx5eXn67LPPtH37dh0+fFgxMTEa
Pny4zjrrLK9J1QF0PgaUARDMCIQAgpbb7VZ9fX2gywAAv4SHh9NlFEDQYlAZAEHLYrFwEwUgpHEd
AxDsCIQAghrDtAMIZVzDAAQ7rlIAgho3UwBCGdcwAMGOqxSAoEZ3KwChiusXgFBAIAQQ9PiFHUAo
4toFIBRwpQIQ9Gw2G7+yAwgpFouFqSYAhAQCIYCQwC/tAEIJ1ywAoYKrFYCQQCshgFBB6yCAUEIg
BBAyuMECEAq4VgEIJQRCACHDarXSSgggqFksFrqLAggpXLEAhJSwsLBAlwAAPnGNAhBqCIQAQgrP
5gAIVjzrDCAUEQgBhBxuugAEG36sAhCqCIQAQhLdsgAEE65JAEIVgRBASOLXeADBgl4LAEIZgRBA
yLLZbIRCAAHFdQhAqCMQAghpNpuNId4BBITVaiUMAgh53EUBCHlhYWHclAHoVjabjecGAfQIBEIA
PQLdtgB0F643AHoSAiGAHoPuowC6Gt1EAfQ03DkB6FHoPgqgq9BNFEBPRCAE0OPQnQtAZ+O6AqCn
4mcuAD1SY/dRh8Mht9sd6HIAhCiLxaKwsDDmGQTQY9FCCKDHslgsCg8P51d9AB1is9kUHh5OGATQ
o9FCCKDHo7UQQHvQKgjAJARCAEZobC10uVxyOp0EQwAtWCwWRisGYBwCIQCjWK1WWa1WOZ1OuVwu
giEAWSwWppMAYCwCIQAjNY4YSDAEzEUQBAACIQDDNQZDt9stl8tFOAR6uMYQaLVaeUYQAEQgBABJ
R58dahoOG/8LILQ1hj9CIAC0RCAEgGYaw2Ejt9vt+SPJKyTSmggEXtOQ1zggjMVi8fwBAPhGIASA
42h+U8nzRgAAoKdgXGUAAAAAMBSBEAAAAAAMRSAEAAAAAEMRCAEAAADAUARCAAAAADAUgRAAAAAA
DEUgBAAAAABDEQgBAAAAwFAEQgAAAAAwFIEQAAAAAAxFIAQAAAAAQxEIAQAAAMBQBEIAAAAAMBSB
EAAAAAAMRSAEAAAAAEMRCAEAAADAUARCAAAAADAUgRAAAAAADEUgBAAAAABDEQgBAAAAwFAEQgAA
AAAwFIEQAAAAAAxFIAQAAAAAQxEIAQAAAMBQBEIAAAAAMBSBEAAAAAAMRSAEAAAAAEMRCAEAAADA
UARCAAAAADAUgRAAAAAADEUgBAAAAABDEQgBAAAAwFAEQgAAAAAwFIEQAAAAAAxFIAQAAAAAQxEI
AQAAAMBQBEIAAAAAMBSBEAAAAAAMRSAEAAAAAEMRCAEAAADAUARCAAAAADAUgRAAAAAADEUgBAAA
AABDEQgBAAAAwFAEQgAAAAAwFIEQAAAAAAxFIAQAAAAAQ/1/FzXXtuS2Sv4AAAAASUVORK5CYII=
" width="800px"&gt;</msg>
<status status="PASS" starttime="20230810 00:17:38.685" endtime="20230810 00:17:38.963"/>
</kw>
<msg timestamp="20230810 00:17:38.964" level="INFO">xpath criteria: //*[@text='เข้าสู่ระบบ']
xpath criteria: //*[@text='เข้าสู่ระบบ']
xpath criteria: //*[@text='เข้าสู่ระบบ']
xpath criteria: //*[@text='เข้าสู่ระบบ']
xpath criteria: //*[@text='เข้าสู่ระบบ']
xpath criteria: //*[@text='เข้าสู่ระบบ']
xpath criteria: //*[@text='เข้าสู่ระบบ']
xpath criteria: //*[@text='เข้าสู่ระบบ']
xpath criteria: //*[@text='เข้าสู่ระบบ']
xpath criteria: //*[@text='เข้าสู่ระบบ']
xpath criteria: //*[@text='เข้าสู่ระบบ']
xpath criteria: //*[@text='เข้าสู่ระบบ']
xpath criteria: //*[@text='เข้าสู่ระบบ']
xpath criteria: //*[@text='เข้าสู่ระบบ']
xpath criteria: //*[@text='เข้าสู่ระบบ']
xpath criteria: //*[@text='เข้าสู่ระบบ']
xpath criteria: //*[@text='เข้าสู่ระบบ']
xpath criteria: //*[@text='เข้าสู่ระบบ']
xpath criteria: //*[@text='เข้าสู่ระบบ']
xpath criteria: //*[@text='เข้าสู่ระบบ']
xpath criteria: //*[@text='เข้าสู่ระบบ']
xpath criteria: //*[@text='เข้าสู่ระบบ']
xpath criteria: //*[@text='เข้าสู่ระบบ']</msg>
<msg timestamp="20230810 00:17:38.965" level="FAIL">Element '//*[@text='เข้าสู่ระบบ']' did not appear in 5 seconds</msg>
<status status="FAIL" starttime="20230810 00:17:32.156" endtime="20230810 00:17:38.967"/>
</kw>
<kw name="Get Text" library="AppiumLibrary">
<var>${ACTUAL_RESULT}</var>
<arg>${COMP}</arg>
<doc>Get element text (for hybrid and mobile browser use `xpath` locator, others might cause problem)</doc>
<status status="NOT RUN" starttime="20230810 00:17:38.967" endtime="20230810 00:17:38.968"/>
</kw>
<if>
<branch type="IF" condition="&quot;${ACTUAL_RESULT}&quot; == &quot;${EXP}&quot;">
<kw name="Write Excel Cell" library="ExcelLibrary">
<arg>${i}</arg>
<arg>16</arg>
<arg>value=PASS</arg>
<arg>sheet_name=TestData</arg>
<doc>Writes value to the cell.</doc>
<status status="NOT RUN" starttime="20230810 00:17:38.968" endtime="20230810 00:17:38.969"/>
</kw>
<status status="NOT RUN" starttime="20230810 00:17:38.968" endtime="20230810 00:17:38.969"/>
</branch>
<branch type="ELSE">
<kw name="Write Excel Cell" library="ExcelLibrary">
<arg>${i}</arg>
<arg>16</arg>
<arg>value=FAIL</arg>
<arg>sheet_name=TestData</arg>
<doc>Writes value to the cell.</doc>
<status status="NOT RUN" starttime="20230810 00:17:38.970" endtime="20230810 00:17:38.970"/>
</kw>
<kw name="Write Excel Cell" library="ExcelLibrary">
<arg>${i}</arg>
<arg>17</arg>
<arg>value=${ACTUAL_RESULT}</arg>
<arg>sheet_name=TestData</arg>
<doc>Writes value to the cell.</doc>
<status status="NOT RUN" starttime="20230810 00:17:38.970" endtime="20230810 00:17:38.971"/>
</kw>
<kw name="Capture Page Screenshot" library="AppiumLibrary">
<arg>${EXECDIR}/Result/Screenshot/${testcaseData}.png</arg>
<doc>Takes a screenshot of the current page and embeds it into the log.</doc>
<status status="NOT RUN" starttime="20230810 00:17:38.971" endtime="20230810 00:17:38.971"/>
</kw>
<status status="NOT RUN" starttime="20230810 00:17:38.969" endtime="20230810 00:17:38.971"/>
</branch>
<status status="NOT RUN" starttime="20230810 00:17:38.968" endtime="20230810 00:17:38.971"/>
</if>
<status status="FAIL" starttime="20230810 00:17:32.156" endtime="20230810 00:17:38.972"/>
</branch>
<branch type="ELSE">
<if>
<branch type="IF" condition="&quot;${alet_mes}&quot; != &quot;${COMP}&quot;">
<kw name="Wait Until Page Contains Element" library="AppiumLibrary">
<arg>${alet_mes}</arg>
<doc>Waits until element specified with `locator` appears on current page.</doc>
<status status="NOT RUN" starttime="20230810 00:17:38.973" endtime="20230810 00:17:38.973"/>
</kw>
<kw name="Get Text" library="AppiumLibrary">
<var>${ACTUAL_RESULT}</var>
<arg>${alet_mes}</arg>
<doc>Get element text (for hybrid and mobile browser use `xpath` locator, others might cause problem)</doc>
<status status="NOT RUN" starttime="20230810 00:17:38.974" endtime="20230810 00:17:38.974"/>
</kw>
<if>
<branch type="IF" condition="&quot;${ACTUAL_RESULT}&quot; == &quot;${EXP}&quot;">
<kw name="Write Excel Cell" library="ExcelLibrary">
<arg>${i}</arg>
<arg>16</arg>
<arg>value=PASS</arg>
<arg>sheet_name=TestData</arg>
<doc>Writes value to the cell.</doc>
<status status="NOT RUN" starttime="20230810 00:17:38.975" endtime="20230810 00:17:38.975"/>
</kw>
<status status="NOT RUN" starttime="20230810 00:17:38.974" endtime="20230810 00:17:38.975"/>
</branch>
<branch type="ELSE">
<kw name="Write Excel Cell" library="ExcelLibrary">
<arg>${i}</arg>
<arg>16</arg>
<arg>value=FAIL</arg>
<arg>sheet_name=TestData</arg>
<doc>Writes value to the cell.</doc>
<status status="NOT RUN" starttime="20230810 00:17:38.976" endtime="20230810 00:17:38.976"/>
</kw>
<kw name="Write Excel Cell" library="ExcelLibrary">
<arg>${i}</arg>
<arg>17</arg>
<arg>value=${ACTUAL_RESULT}</arg>
<arg>sheet_name=TestData</arg>
<doc>Writes value to the cell.</doc>
<status status="NOT RUN" starttime="20230810 00:17:38.977" endtime="20230810 00:17:38.977"/>
</kw>
<kw name="Capture Page Screenshot" library="AppiumLibrary">
<arg>${EXECDIR}/Result/Screenshot/${testcaseData}.png</arg>
<doc>Takes a screenshot of the current page and embeds it into the log.</doc>
<status status="NOT RUN" starttime="20230810 00:17:38.977" endtime="20230810 00:17:38.978"/>
</kw>
<status status="NOT RUN" starttime="20230810 00:17:38.976" endtime="20230810 00:17:38.978"/>
</branch>
<status status="NOT RUN" starttime="20230810 00:17:38.974" endtime="20230810 00:17:38.978"/>
</if>
<kw name="Click Element" library="AppiumLibrary">
<arg>${alet_ok}</arg>
<doc>Click element identified by `locator`.</doc>
<status status="NOT RUN" starttime="20230810 00:17:38.978" endtime="20230810 00:17:38.979"/>
</kw>
<status status="NOT RUN" starttime="20230810 00:17:38.972" endtime="20230810 00:17:38.979"/>
</branch>
<branch type="ELSE">
<kw name="Wait Until Page Contains Element" library="AppiumLibrary">
<arg>${COMP}</arg>
<doc>Waits until element specified with `locator` appears on current page.</doc>
<status status="NOT RUN" starttime="20230810 00:17:38.980" endtime="20230810 00:17:38.981"/>
</kw>
<kw name="Get Text" library="AppiumLibrary">
<var>${ACTUAL_RESULT}</var>
<arg>${COMP}</arg>
<doc>Get element text (for hybrid and mobile browser use `xpath` locator, others might cause problem)</doc>
<status status="NOT RUN" starttime="20230810 00:17:38.981" endtime="20230810 00:17:38.981"/>
</kw>
<if>
<branch type="IF" condition="&quot;${ACTUAL_RESULT}&quot; == &quot;${EXP}&quot;">
<kw name="Write Excel Cell" library="ExcelLibrary">
<arg>${i}</arg>
<arg>16</arg>
<arg>value=PASS</arg>
<arg>sheet_name=TestData</arg>
<doc>Writes value to the cell.</doc>
<status status="NOT RUN" starttime="20230810 00:17:38.982" endtime="20230810 00:17:38.982"/>
</kw>
<status status="NOT RUN" starttime="20230810 00:17:38.981" endtime="20230810 00:17:38.982"/>
</branch>
<branch type="ELSE">
<kw name="Write Excel Cell" library="ExcelLibrary">
<arg>${i}</arg>
<arg>16</arg>
<arg>value=FAIL</arg>
<arg>sheet_name=TestData</arg>
<doc>Writes value to the cell.</doc>
<status status="NOT RUN" starttime="20230810 00:17:38.983" endtime="20230810 00:17:38.984"/>
</kw>
<kw name="Write Excel Cell" library="ExcelLibrary">
<arg>${i}</arg>
<arg>17</arg>
<arg>value=${ACTUAL_RESULT}</arg>
<arg>sheet_name=TestData</arg>
<doc>Writes value to the cell.</doc>
<status status="NOT RUN" starttime="20230810 00:17:38.984" endtime="20230810 00:17:38.985"/>
</kw>
<kw name="Capture Page Screenshot" library="AppiumLibrary">
<arg>${EXECDIR}/Result/Screenshot/${testcaseData}.png</arg>
<doc>Takes a screenshot of the current page and embeds it into the log.</doc>
<status status="NOT RUN" starttime="20230810 00:17:38.985" endtime="20230810 00:17:38.985"/>
</kw>
<status status="NOT RUN" starttime="20230810 00:17:38.983" endtime="20230810 00:17:38.986"/>
</branch>
<status status="NOT RUN" starttime="20230810 00:17:38.981" endtime="20230810 00:17:38.986"/>
</if>
<status status="NOT RUN" starttime="20230810 00:17:38.980" endtime="20230810 00:17:38.986"/>
</branch>
<status status="NOT RUN" starttime="20230810 00:17:38.972" endtime="20230810 00:17:38.986"/>
</if>
<status status="NOT RUN" starttime="20230810 00:17:38.972" endtime="20230810 00:17:38.986"/>
</branch>
<status status="FAIL" starttime="20230810 00:17:32.156" endtime="20230810 00:17:38.986"/>
</if>
<kw name="Sleep" library="BuiltIn">
<arg>2s</arg>
<doc>Pauses the test executed for the given time.</doc>
<status status="NOT RUN" starttime="20230810 00:17:38.987" endtime="20230810 00:17:38.987"/>
</kw>
<kw name="Close Application" library="AppiumLibrary">
<doc>Closes the current application and also close webdriver session.</doc>
<status status="NOT RUN" starttime="20230810 00:17:38.988" endtime="20230810 00:17:38.988"/>
</kw>
<status status="FAIL" starttime="20230810 00:16:26.500" endtime="20230810 00:17:38.988"/>
</branch>
<status status="FAIL" starttime="20230810 00:16:26.500" endtime="20230810 00:17:38.989"/>
</if>
<status status="FAIL" starttime="20230810 00:16:26.428" endtime="20230810 00:17:38.989"/>
</iter>
<status status="FAIL" starttime="20230810 00:16:26.426" endtime="20230810 00:17:38.989"/>
</for>
<kw name="Save Excel Document" library="ExcelLibrary">
<arg>Result/TC01_Register_result.xlsx</arg>
<doc>Saves the current document to disk.</doc>
<status status="NOT RUN" starttime="20230810 00:17:38.990" endtime="20230810 00:17:38.991"/>
</kw>
<status status="FAIL" starttime="20230810 00:16:26.319" endtime="20230810 00:17:38.991">Element '//*[@text='เข้าสู่ระบบ']' did not appear in 5 seconds</status>
</test>
<status status="FAIL" starttime="20230810 00:16:25.279" endtime="20230810 00:17:38.997"/>
</suite>
<status status="FAIL" starttime="20230810 00:16:25.262" endtime="20230810 00:17:38.999"/>
</suite>
<status status="FAIL" starttime="20230810 00:16:25.194" endtime="20230810 00:17:39.003"/>
</suite>
<statistics>
<total>
<stat pass="0" fail="1" skip="0">All Tests</stat>
</total>
<tag>
</tag>
<suite>
<stat pass="0" fail="1" skip="0" id="s1" name="Test Projact">Test Projact</stat>
<stat pass="0" fail="1" skip="0" id="s1-s1" name="TestCases">Test Projact.TestCases</stat>
<stat pass="0" fail="1" skip="0" id="s1-s1-s1" name="TC Register">Test Projact.TestCases.TC Register</stat>
</suite>
</statistics>
<errors>
<msg timestamp="20230810 00:16:48.064" level="WARN">Keyword 'AppiumLibrary.Click Element At Coordinates' is deprecated. Since selenium v4, use other keywords.</msg>
<msg timestamp="20230810 00:16:49.203" level="WARN">Keyword 'AppiumLibrary.Click Element At Coordinates' is deprecated. Since selenium v4, use other keywords.</msg>
</errors>
</robot>
